[11:34:00] [main/INFO]: Loading Minecraft 1.21.1 with Fabric Loader 0.18.2
[11:34:01] [ForkJoinPool-1-worker-3/WARN]: The mod "accessories_compat_layer" contains invalid entries in its mod json:
- Unsupported root entry "#COMMENT_breaks" at line 53 column 20
[11:34:01] [ForkJoinPool-1-worker-2/WARN]: Mod com_github_rtyley_animated-gif-lib-for-java uses the version animated-gif-lib-1.7 which isn't compatible with Loader's extended semantic version format (Could not parse version number component 'animated'!), SemVer is recommended for reliably evaluating dependencies and prioritizing newer version
[11:34:01] [main/INFO]: Loading 203 mods:
	- accessories 1.1.0-beta.52+1.21.1
	- accessories_compat_layer 0.1.10
	   \-- mixinsquared 0.3.4
	- advancementdisable 1.0.0
	- architectury 13.0.8
	- athena 4.0.2
	- badgebox 1.1.1
	- balm 21.0.55
	   \-- kuma_api 21.0.7
	- beautify 1.3.0+1.21.1
	- biome_replacer 2.1-hippo
	- capture_xp 1.7.1-fabric-1.3.0
	- carved_wood 1.7.7
	   \-- cardinal-components-block 6.1.0
	- cloth-config 15.0.140
	   \-- cloth-basic-math 0.6.1
	- cobblecuisine 2.0.1
	- cobbledollars 2.0.0+Beta-5.1+1.21.1
	- cobblefurnies 0.6.3
	- cobblemon 1.7.1+1.21.1
	- cobblemon-additions 3.9.4
	- cobblenav 2.2.5
	- cobbleversebadges 1.3
	- cobbreeding 2.1.1
	- comforts 9.0.4+1.21.1
	   |-- cardinal-components-base 6.1.2
	   |-- cardinal-components-entity 6.1.2
	   \-- spectrelib 0.17.2+1.21
	        |-- com_electronwill_night-config_core 3.8.0
	        \-- com_electronwill_night-config_toml 3.8.0
	- cozyhome 1.1.20
	- debugify 1.21.1+1.0
	- defaultoptions 21.1.5
	- entityculling 1.9.3
	   |-- transition 1.0.8
	   \-- trender 1.0.8
	- fabric-api 0.116.7+1.21.1
	   |-- fabric-api-base 0.4.42+6573ed8c19
	   |-- fabric-api-lookup-api-v1 1.6.71+b559734419
	   |-- fabric-biome-api-v1 13.0.31+d527f9fd19
	   |-- fabric-block-api-v1 1.1.0+0bc3503219
	   |-- fabric-block-view-api-v2 1.0.11+ebb2264e19
	   |-- fabric-blockrenderlayer-v1 1.1.52+0af3f5a719
	   |-- fabric-client-tags-api-v1 1.1.15+6573ed8c19
	   |-- fabric-command-api-v1 1.2.49+f71b366f19
	   |-- fabric-command-api-v2 2.2.28+6ced4dd919
	   |-- fabric-commands-v0 0.2.66+df3654b319
	   |-- fabric-content-registries-v0 8.0.19+b559734419
	   |-- fabric-convention-tags-v1 2.1.5+7f945d5b19
	   |-- fabric-convention-tags-v2 2.11.1+a406e79519
	   |-- fabric-crash-report-info-v1 0.2.29+0af3f5a719
	   |-- fabric-data-attachment-api-v1 1.4.5+6116a37819
	   |-- fabric-data-generation-api-v1 20.2.34+37516cd619
	   |-- fabric-dimensions-v1 4.0.1+65213ef819
	   |-- fabric-entity-events-v1 1.8.0+2b27e0a419
	   |-- fabric-events-interaction-v0 0.7.13+ba9dae0619
	   |-- fabric-game-rule-api-v1 1.0.53+6ced4dd919
	   |-- fabric-item-api-v1 11.2.0+3b3cb2e819
	   |-- fabric-item-group-api-v1 4.1.7+def88e3a19
	   |-- fabric-key-binding-api-v1 1.0.47+0af3f5a719
	   |-- fabric-keybindings-v0 0.2.45+df3654b319
	   |-- fabric-lifecycle-events-v1 2.6.0+0865547519
	   |-- fabric-loot-api-v2 3.0.15+3f89f5a519
	   |-- fabric-loot-api-v3 1.0.3+3f89f5a519
	   |-- fabric-message-api-v1 6.0.14+8aaf3aca19
	   |-- fabric-model-loading-api-v1 2.1.0+b4d813fc19
	   |-- fabric-networking-api-v1 4.3.0+c7469b2119
	   |-- fabric-object-builder-api-v1 15.2.1+40875a9319
	   |-- fabric-particles-v1 4.0.2+6573ed8c19
	   |-- fabric-recipe-api-v1 5.0.15+2475392c19
	   |-- fabric-registry-sync-v0 5.3.1+e3eddc2119
	   |-- fabric-renderer-api-v1 3.4.1+b4d813fc19
	   |-- fabric-renderer-indigo 1.7.1+c705a49c19
	   |-- fabric-renderer-registries-v1 3.2.69+df3654b319
	   |-- fabric-rendering-data-attachment-v1 0.3.49+73761d2e19
	   |-- fabric-rendering-fluids-v1 3.1.6+1daea21519
	   |-- fabric-rendering-v0 1.1.72+df3654b319
	   |-- fabric-rendering-v1 5.1.0+ab4c25a019
	   |-- fabric-resource-conditions-api-v1 4.3.0+8dc279b119
	   |-- fabric-resource-loader-v0 1.3.1+5b5275af19
	   |-- fabric-screen-api-v1 2.0.25+8b68f1c719
	   |-- fabric-screen-handler-api-v1 1.3.90+b559734419
	   |-- fabric-sound-api-v1 1.0.23+6573ed8c19
	   |-- fabric-transfer-api-v1 5.4.3+c24bd99419
	   \-- fabric-transitive-access-wideners-v1 6.2.0+45b9699719
	- fabric-language-kotlin 1.13.7+kotlin.2.2.21
	   |-- org_jetbrains_kotlin_kotlin-reflect 2.2.21
	   |-- org_jetbrains_kotlin_kotlin-stdlib 2.2.21
	   |-- org_jetbrains_kotlin_kotlin-stdlib-jdk7 2.2.21
	   |-- org_jetbrains_kotlin_kotlin-stdlib-jdk8 2.2.21
	   |-- org_jetbrains_kotlinx_atomicfu-jvm 0.29.0
	   |-- org_jetbrains_kotlinx_kotlinx-coroutines-core-jvm 1.10.2
	   |-- org_jetbrains_kotlinx_kotlinx-coroutines-jdk8 1.10.2
	   |-- org_jetbrains_kotlinx_kotlinx-datetime-jvm 0.7.1
	   |-- org_jetbrains_kotlinx_kotlinx-io-bytestring-jvm 0.8.0
	   |-- org_jetbrains_kotlinx_kotlinx-io-core-jvm 0.8.0
	   |-- org_jetbrains_kotlinx_kotlinx-serialization-cbor-jvm 1.9.0
	   |-- org_jetbrains_kotlinx_kotlinx-serialization-core-jvm 1.9.0
	   \-- org_jetbrains_kotlinx_kotlinx-serialization-json-jvm 1.9.0
	- fabricloader 0.18.2
	   \-- mixinextras 0.5.0
	- fancymenu 3.8.1
	   |-- com_github_keksuccino_japng 0.5.3
	   \-- com_github_rtyley_animated-gif-lib-for-java animated-gif-lib-1.7
	- ferritecore 7.0.2-hotfix
	- forgeconfigapiport 21.1.6
	   |-- com_electronwill_night-config_core 3.8.0
	   \-- com_electronwill_night-config_toml 3.8.0
	- forgivingvoid 21.1.5
	- geckolib 4.8.2
	- globalpacks 21.0.6
	   |-- com_electronwill_night-config_core 3.8.0
	   \-- com_electronwill_night-config_toml 3.8.0
	- handcrafted 4.0.3
	- highlight 3.0.0
	- hugestructureblocks 1.1.6
	- iceberg 1.3.2
	- interactic 0.2.3+1.21
	- java 21
	- konkrete 1.9.9
	- krypton 0.2.8
	   \-- com_velocitypowered_velocity-native 3.3.0-SNAPSHOT
	- lenientdeath 1.2.5+1.21.1
	   |-- fabric-permissions-api-v0 0.2-SNAPSHOT
	   |-- jackfredlib-base 1.4.0+1.21
	   |-- jackfredlib-colour 1.1.0+1.21
	   |-- jackfredlib-config 0.2.3+1.21
	   |    |-- blue_endless_jankson 1.2.3
	   |    |-- commons-io_commons-io 2.15.1
	   |    \-- jackfredlib-base 1.4.0+1.21
	   |-- jackfredlib-lying 0.5.5+1.21
	   \-- server_translations_api 2.3.1+1.21-pre2
	        \-- packet_tweaker 0.5.1+24w03b
	- libjf 3.17.3
	   |-- libjf-base 3.17.3
	   |-- libjf-config-commands 3.17.3
	   |-- libjf-config-core-v2 3.17.3
	   |-- libjf-config-network-v0 3.17.3
	   |-- libjf-config-ui-tiny 3.17.3
	   |-- libjf-data-manipulation-v0 3.17.3
	   |-- libjf-data-v0 3.17.3
	   |-- libjf-mainhttp-v0 3.17.3
	   |-- libjf-resource-pack-entry-widgets-v0 3.17.3
	   |-- libjf-translate-v1 3.17.3
	   |-- libjf-unsafe-v0 3.17.3
	   \-- libjf-web-v1 3.17.3
	- lithium 0.15.1+mc1.21.1
	- lumymon 0.5.1-6
	- mega_showdown 1.4.2+1.7.1+1.21.1
	- melody 1.0.10
	- midnightlib 1.7.5
	- minecraft 1.21.1
	- moarconcrete 1.3.1
	- mobsbegone 0.0.7
	- modernfix 5.25.1+mc1.21.1
	- mr_cobblemon_journeymounts 1
	- nethermap 4.0.0-1.21.1
	- netherportalfix 21.1.3
	- noisium 2.3.0+mc1.21-1.21.1
	- notenoughanimations 1.10.6
	   \-- trender 1.0.8
	- notenoughcrashes 4.4.9+1.21.1
	- obc 1.3.0
	   \-- supermartijn642configlib 1.1.8
	- owo 0.12.15.4+1.21
	   |-- io_wispforest_endec 0.1.5.1
	   |-- io_wispforest_endec_gson 0.1.3.1
	   |-- io_wispforest_endec_jankson 0.1.3.1
	   \-- io_wispforest_endec_netty 0.1.2
	- packetfixer 3.3.1
	- pingwheel 1.12.0
	- playerxp 1.0.3+1.21.1
	- pokeblocks 1.4.0-1.21.1
	- rctapi 0.14.1-beta
	- rctmod 0.17.4-beta
	- repurposed_structures 7.5.17+1.21.1-fabric
	- resourcefullib 3.0.12
	   |-- com_teamresourceful_bytecodecs 1.1.2
	   \-- com_teamresourceful_yabn 1.0.3
	- respackopts 4.11.3
	   |-- io_gitlab_jfronny_muscript-all 2.0.0-SNAPSHOT
	   \-- io_gitlab_jfronny_muscript-json 2.0.0-SNAPSHOT
	- roughlyenoughitems 16.0.799
	   \-- error_notifier 1.0.11
	- safepastures 1.1.1+1.21.1
	- sophisticatedbackpacks 1.21.1-3.23.4.3.106
	- sophisticatedcore 1.21.1-1.2.9.20.164
	   |-- porting_lib_conditions 3.1.0-beta.47+1.21.1
	   |-- porting_lib_core 3.1.0-beta.47+1.21.1
	   |-- porting_lib_fluids 3.1.0-beta.47+1.21.1
	   |-- porting_lib_item_abilities 3.1.0-beta.47+1.21.1
	   |-- porting_lib_lazy_registration 3.1.0-beta.47+1.21.1
	   |-- porting_lib_level_events 3.1.0-beta.47+1.21.1
	   |-- porting_lib_loot 3.1.0-beta.47+1.21.1
	   |-- porting_lib_model_loader 3.1.0-beta.47+1.21.1
	   |-- porting_lib_render_types 3.1.0-beta.47+1.21.1
	   |-- porting_lib_transfer 3.1.0-beta.47+1.21.1
	   \-- team_reborn_energy 4.1.0
	- sophisticatedstorage 1.21.1-1.3.7.8.135
	- sound_physics_remastered 1.21.1-1.5.1
	- soundsbegone 1.3.5
	   \-- com_posthog_java_posthog 1.1.0
	- stackdeobfuscator 1.4.3+08e71cc
	   |-- net_fabricmc_mapping-io 0.6.1
	   \-- stackdeobfuscator-common 1.4.3+08e71cc
	- tim_core 1.7.1-fabric-1.26.1
	- tmcraft 1.4.17+1.7.1
	- trinkets 3.10.0
	- villagerconfig 4.4.11
	   \-- fiber 0.23.0-2
	- waystones 21.1.24
	- xaerominimap 25.2.10
	- xaeroworldmap 1.39.12
	- yet_another_config_lib_v3 3.8.0+1.21.1-fabric
	   |-- com_twelvemonkeys_common_common-image 3.12.0
	   |-- com_twelvemonkeys_common_common-io 3.12.0
	   |-- com_twelvemonkeys_common_common-lang 3.12.0
	   |-- com_twelvemonkeys_imageio_imageio-core 3.12.0
	   |-- com_twelvemonkeys_imageio_imageio-metadata 3.12.0
	   |-- com_twelvemonkeys_imageio_imageio-webp 3.12.0
	   |-- org_quiltmc_parsers_gson 0.2.1
	   \-- org_quiltmc_parsers_json 0.2.1
[11:34:05] [main/INFO]: SpongePowered MIXIN Subsystem Version=0.8.7 Source=file:/E:/cobbleverse/libraries/net/fabricmc/sponge-mixin/0.16.5+mixin.0.8.7/sponge-mixin-0.16.5+mixin.0.8.7.jar Service=Knot/Fabric Env=SERVER
[11:34:05] [main/INFO]: Compatibility level set to JAVA_17
[11:34:05] [main/INFO]: Compatibility level set to JAVA_21
[11:34:05] [main/WARN]: Reference map 'forgeconfigapiport.common.refmap.json' for forgeconfigapiport.common.mixins.json could not be read. If this is a development environment you can ignore this message
[11:34:05] [main/WARN]: Mod 'ferritecore' attempted to override option 'mixin.alloc.blockstate', which doesn't exist, ignoring
[11:34:05] [main/INFO]: Option 'mixin.entity.collisions.fluid' requires 'mixin.util.block_tracking=true' but found 'false'. Setting 'mixin.entity.collisions.fluid=false'.
[11:34:05] [main/INFO]: Option 'mixin.experimental.entity.block_caching.block_support' requires 'mixin.util.block_tracking=true' but found 'false'. Setting 'mixin.experimental.entity.block_caching.block_support=false'.
[11:34:05] [main/INFO]: Option 'mixin.experimental.entity.block_caching.fluid_pushing' requires 'mixin.util.block_tracking=true' but found 'false'. Setting 'mixin.experimental.entity.block_caching.fluid_pushing=false'.
[11:34:05] [main/INFO]: Option 'mixin.experimental.entity.block_caching.block_touching' requires 'mixin.util.block_tracking=true' but found 'false'. Setting 'mixin.experimental.entity.block_caching.block_touching=false'.
[11:34:05] [main/INFO]: Option 'mixin.experimental.entity.block_caching.suffocation' requires 'mixin.util.block_tracking=true' but found 'false'. Setting 'mixin.experimental.entity.block_caching.suffocation=false'.
[11:34:05] [main/INFO]: Option 'mixin.experimental.entity.block_caching' requires 'mixin.util.block_tracking=true' but found 'false'. Setting 'mixin.experimental.entity.block_caching=false'.
[11:34:05] [main/INFO]: Loaded configuration file for Lithium: 149 options available, 0 override(s) found
[11:34:06] [main/INFO]: Loaded configuration file for ModernFix 5.25.1+mc1.21.1: 65 options available, 0 override(s) found
[11:34:06] [main/INFO]: Applying Nashorn fix
[11:34:06] [main/INFO]: Packet Fixer forge 1.20.5-1.21.X has been applied successfully.
[11:34:06] [main/WARN]: Reference map 'supermartijn642configlib.mixins.refmap.json' for supermartijn642configlib.mixins.json could not be read. If this is a development environment you can ignore this message
[11:34:06] [main/WARN]: Reference map 'yet_another_config_lib_v3.refmap.json' for yacl.mixins.json could not be read. If this is a development environment you can ignore this message
[11:34:06] [main/WARN]: Reference map 'yet_another_config_lib_v3.refmap.json' for yacl-fabric.mixins.json could not be read. If this is a development environment you can ignore this message
[11:34:06] [main/WARN]: Error loading class: net/minecraft/class_906 (java.lang.ClassNotFoundException: net/minecraft/class_906)
[11:34:06] [main/WARN]: @Mixin target net.minecraft.class_906 was not found porting_lib_item_abilities.mixins.json:FishingHookRendererMixin from mod porting_lib_item_abilities
[11:34:06] [main/WARN]: Error loading class: net/minecraft/class_4224 (java.lang.ClassNotFoundException: net/minecraft/class_4224)
[11:34:06] [main/WARN]: @Mixin target net.minecraft.class_4224 was not found mixins.cobblemon-common.json:ChannelMixin from mod cobblemon
[11:34:06] [main/WARN]: Error loading class: juuxel/adorn/block/variant/BlockVariantSets (java.lang.ClassNotFoundException: juuxel/adorn/block/variant/BlockVariantSets)
[11:34:06] [main/WARN]: @Mixin target juuxel.adorn.block.variant.BlockVariantSets was not found mixins.cobblemon-common.json:invoker.AdornRegisterInvoker from mod cobblemon
[11:34:06] [main/WARN]: Error loading class: net/minecraft/class_1140 (java.lang.ClassNotFoundException: net/minecraft/class_1140)
[11:34:06] [main/WARN]: @Mixin target net.minecraft.class_1140 was not found mixins.cobblemon-fabric.json:FabricSoundEngineMixin from mod cobblemon
[11:34:06] [main/WARN]: Error loading class: com/electronwill/nightconfig/core/io/IoUtils (java.lang.ClassNotFoundException: com/electronwill/nightconfig/core/io/IoUtils)
[11:34:06] [main/WARN]: Error loading class: net/minecraft/class_287 (java.lang.ClassNotFoundException: net/minecraft/class_287)
[11:34:06] [main/WARN]: @Mixin target net.minecraft.class_287 was not found owo.mixins.json:BufferBuilderAccessor from mod owo
[11:34:06] [main/WARN]: Error loading class: net/minecraft/class_437 (java.lang.ClassNotFoundException: net/minecraft/class_437)
[11:34:06] [main/WARN]: @Mixin target net.minecraft.class_437 was not found owo.mixins.json:ScreenAccessor from mod owo
[11:34:06] [main/WARN]: Error loading class: net/minecraft/class_638 (java.lang.ClassNotFoundException: net/minecraft/class_638)
[11:34:06] [main/WARN]: @Mixin target net.minecraft.class_638 was not found porting_lib_level_events.mixins.json:client.ClientLevelMixin from mod porting_lib_level_events
[11:34:06] [main/WARN]: Error loading class: net/minecraft/class_918 (java.lang.ClassNotFoundException: net/minecraft/class_918)
[11:34:06] [main/WARN]: @Mixin target net.minecraft.class_918 was not found rctmod.mixins.json:client.ItemRendererMixin from mod rctmod
[11:34:07] [main/WARN]: Error loading class: net/minecraft/class_437 (java.lang.ClassNotFoundException: net/minecraft/class_437)
[11:34:07] [main/INFO]: Registering config for libjf-translate-v1
[11:34:07] [main/INFO]: Registering config for respackopts
[11:34:07] [main/INFO]: Initializing MixinExtras via com.llamalad7.mixinextras.service.MixinExtrasServiceImpl(version=0.5.0).
[11:34:13] [main/WARN]: Method overwrite conflict for method_21740 in modernfix-common.mixins.json:perf.remove_biome_temperature_cache.BiomeMixin from mod modernfix, previously written by net.caffeinemc.mods.lithium.mixin.world.temperature_cache.BiomeMixin. Skipping method.
[11:34:16] [main/WARN]: Error loading class: net/minecraft/class_315 (java.lang.ClassNotFoundException: net/minecraft/class_315)
[11:34:16] [main/WARN]: Error loading class: net/minecraft/class_310 (java.lang.ClassNotFoundException: net/minecraft/class_310)
[11:34:16] [main/WARN]: Error loading class: net/minecraft/class_304 (java.lang.ClassNotFoundException: net/minecraft/class_304)
[11:34:17] [main/INFO]: Vanilla bootstrap took 7038 milliseconds
[11:34:17] [main/INFO]: Setting up compat modules for Accessories!
[11:34:17] [main/INFO]: Registered Trinkets Reloaded Listeners
[11:34:18] [main/INFO]: Registering Mod Items for carved_wood
[11:34:19] [main/INFO]: Registering Mod Blocks for carved_wood
[11:34:19] [main/INFO]: Registering Recipe Serializers for carved_wood
[11:34:19] [main/INFO]: CobbleCuisine >> Loaded config in memory!
[11:34:19] [main/INFO]: CobbleCuisine >> Registering Effects...
[11:34:19] [main/INFO]: CobbleCuisine >> Registering Blocks...
[11:34:19] [main/INFO]: CobbleCuisine >> Registering Items...
[11:34:19] [main/INFO]: CobbleCuisine >> Injecting Loot Tables...
[11:34:19] [main/INFO]: CobbleCuisine >> Up and running! Time spent: 261,90ms
[11:34:19] [main/ERROR]: No data fixer registered for cobbledollars:cobble_merchant
[11:34:20] [main/INFO]: Registering C2S receiver with id cobblefurnies:craft_recipe
[11:34:20] [main/WARN]: Error loading class: net/minecraft/class_465 (java.lang.ClassNotFoundException: net/minecraft/class_465)
[11:34:20] [main/WARN]: Error loading class: net/minecraft/class_465 (java.lang.ClassNotFoundException: net/minecraft/class_465)
[11:34:20] [main/WARN]: Error loading class: net/minecraft/class_1132 (java.lang.ClassNotFoundException: net/minecraft/class_1132)
[11:34:20] [main/WARN]: Error loading class: net/minecraft/class_1132 (java.lang.ClassNotFoundException: net/minecraft/class_1132)
[11:34:20] [main/INFO]: Booting LaxPermissionValidator, permissions will be checked using Minecrafts permission level system, see https://minecraft.fandom.com/wiki/Permission_level
[11:34:20] [main/INFO]: Launching Cobblemon 1.7.1 
[11:34:20] [main/INFO]: Booting FabricPermissionValidator, permissions will be checked using fabric-permissions-api, see https://github.com/lucko/fabric-permissions-api
[11:34:20] [main/ERROR]: No data fixer registered for cobblemon:pokemon
[11:34:20] [main/ERROR]: No data fixer registered for cobblemon:empty_pokeball
[11:34:20] [main/ERROR]: No data fixer registered for cobblemon:boat
[11:34:20] [main/ERROR]: No data fixer registered for cobblemon:chest_boat
[11:34:20] [main/ERROR]: No data fixer registered for cobblemon:poke_bobber
[11:34:20] [main/ERROR]: No data fixer registered for cobblemon:generic_bedrock
[11:34:20] [main/ERROR]: No data fixer registered for cobblemon:npc
[11:34:21] [main/WARN]: Error loading class: net/minecraft/class_746 (java.lang.ClassNotFoundException: net/minecraft/class_746)
[11:34:21] [main/INFO]: Starting the Best Spawner...
[11:34:21] [main/INFO]: Loaded 7 spawning condition types.
[11:34:21] [main/INFO]: Loaded 6 spawnable position types.
[11:34:21] [main/INFO]: Loaded 3 spawn detail types.
[11:34:21] [Cobblemon Showdown/INFO]: Starting showdown service...
[11:34:21] [Cobblemon Showdown/INFO]: Loaded fallback file: .\showdown\data\moves.js
[11:34:21] [Cobblemon Showdown/INFO]: Loaded fallback file: .\showdown\sim\battle-actions.js
[11:34:21] [Cobblemon Showdown/INFO]: Loaded fallback file: .\showdown\sim\pokemons.js
[11:34:21] [Cobblemon Showdown/INFO]: Loaded fallback file: .\showdown\data\abilities.js
[11:34:21] [Cobblemon Showdown/INFO]: Loaded fallback file: .\showdown\sim\side.js
[11:34:21] [Cobblemon Showdown/INFO]: Loaded fallback file: .\showdown\data\conditions.js
[11:34:21] [Cobblemon Showdown/INFO]: Loaded fallback file: .\showdown\index.js
[11:34:21] [Cobblemon Showdown/INFO]: All files are ready!
[11:34:24] [Cobblemon Showdown/INFO]: Showdown has been started!
[11:34:24] [main/INFO]: Note: Cobblemon data registries are only loaded once per server instance as Pokémon species are not safe to reload.
[11:34:24] [main/INFO]: Registered the mega_showdown:showdown/conditions registry
[11:34:24] [main/INFO]: Registered the mega_showdown:showdown/held_items registry
[11:34:24] [main/INFO]: Registered the mega_showdown:showdown/typecharts registry
[11:34:24] [main/INFO]: Registered the mega_showdown:showdown/scripts registry
[11:34:24] [main/INFO]: Registered the cobblemon:molang registry
[11:34:24] [main/INFO]: Registered the cobblemon:species_features registry
[11:34:24] [main/INFO]: Registered the cobblemon:global_species_features registry
[11:34:24] [main/INFO]: Registered the cobblemon:species_feature_assignments registry
[11:34:24] [main/INFO]: Registered the cobblemon:action_effects registry
[11:34:24] [main/INFO]: Registered the cobblemon:moves registry
[11:34:24] [main/INFO]: Registered the cobblemon:abilities registry
[11:34:24] [main/INFO]: Registered the cobblemon:behaviours registry
[11:34:24] [main/INFO]: Registered the cobblemon:species registry
[11:34:24] [main/INFO]: Registered the cobblemon:species_additions registry
[11:34:24] [main/INFO]: Registered the cobblemon:pokeballs registry
[11:34:24] [main/INFO]: Registered the cobblemon:properties_tab_completion registry
[11:34:24] [main/INFO]: Registered the cobblemon:spawn_detail_presets registry
[11:34:24] [main/INFO]: Registered the cobblemon:spawn_rules registry
[11:34:24] [main/INFO]: Registered the cobblemon:mechanics registry
[11:34:24] [main/INFO]: Registered the cobblemon:bag_items registry
[11:34:24] [main/INFO]: Registered the cobblemon:held_items registry
[11:34:24] [main/INFO]: Registered the cobblemon:dialogues registry
[11:34:24] [main/INFO]: Registered the cobblemon:natural_materials registry
[11:34:24] [main/INFO]: Registered the cobblemon:fossils registry
[11:34:24] [main/INFO]: Registered the cobblemon:npc_preset registry
[11:34:24] [main/INFO]: Registered the cobblemon:npc registry
[11:34:24] [main/INFO]: Registered the cobblemon:dex_entries registry
[11:34:24] [main/INFO]: Registered the cobblemon:dex_entry_additions registry
[11:34:24] [main/INFO]: Registered the cobblemon:dexes registry
[11:34:24] [main/INFO]: Registered the cobblemon:dex_additions registry
[11:34:24] [main/INFO]: Registered the cobblemon:cosmetic_items registry
[11:34:24] [main/INFO]: Registered the cobblemon:callbacks registry
[11:34:24] [main/INFO]: Registered the cobblemon:unlockable_pc_box_wallpapers registry
[11:34:24] [main/INFO]: Registered the cobblemon:marks registry
[11:34:24] [main/INFO]: Registered the cobblemon:starters registry
[11:34:24] [main/INFO]: Registered the cobblemon:spawn_pool_world registry
[11:34:24] [main/INFO]: Registered the cobblemon:pokerods registry
[11:34:24] [main/INFO]: Registered the cobblemon:berries registry
[11:34:24] [main/INFO]: Registered the cobblemon:seasonings registry
[11:34:24] [main/INFO]: Registered the cobblemon:pokemon_interactions registry
[11:34:24] [main/INFO]: Registered the cobblemon:spawn_bait_effects registry
[11:34:24] [main/INFO]: Registered the cobblemon:ride_settings registry
[11:34:25] [main/INFO]: Mod compatibility check results: {cobbledollars=true, sophisticatedbackpacks=true, cobblenav=true, travelersbackpack=false, waystones=true}
[11:34:25] [main/INFO]: Detected compatible mod(s) — initializing loot table modifications.
[11:34:25] [main/INFO]: Cobblemon Additions mod initialized successfully.
[11:34:25] [main/INFO]: Registered the cobblenav:biome_platforms registry
[11:34:25] [main/INFO]: Registering items
[11:34:25] [main/INFO]: Registering data components
[11:34:25] [main/INFO]: Registering Mod Items for cozyhome
[11:34:25] [main/WARN]: Error loading class: net/minecraft/class_310 (java.lang.ClassNotFoundException: net/minecraft/class_310)
[11:34:25] [main/WARN]: Error loading class: net/minecraft/class_310 (java.lang.ClassNotFoundException: net/minecraft/class_310)
[11:34:25] [main/INFO]: Registering ModBlocks for cozyhome
[11:34:25] [main/INFO]: Registering block entities for cozyhome
[11:34:25] [main/INFO]: Registering Item Groups for cozyhome
[11:34:25] [main/INFO]: Registering Sounds for cozyhome
[11:34:25] [main/INFO]: Registering Mod Data Components for cozyhome
[11:34:25] [main/INFO]: Enabled 28 bug fixes: [MC-2025, MC-7569, MC-8187, MC-30391, MC-69216, MC-88371, MC-89146, MC-93018, MC-100991, MC-119417, MC-119754, MC-121706, MC-121903, MC-129909, MC-132878, MC-135971, MC-155509, MC-160095, MC-179072, MC-183990, MC-199467, MC-200418, MC-206922, MC-215530, MC-223153, MC-224729, MC-231743, MC-232869]
[11:34:25] [main/INFO]: Successfully Debugify'd your game!
[11:34:25] [main/INFO]: [FANCYMENU] Loading v3.8.1 in server-side mode on FABRIC!
[11:34:25] [main/WARN]: Error loading class: net/minecraft/class_437 (java.lang.ClassNotFoundException: net/minecraft/class_437)
[11:34:25] [main/WARN]: Error loading class: net/minecraft/class_437 (java.lang.ClassNotFoundException: net/minecraft/class_437)
[11:34:26] [main/ERROR]: No data fixer registered for handcrafted
[11:34:26] [main/INFO]: Huge Structure Blocks is now making your structure blocks even bigger!
[11:34:26] [main/INFO]: New structure size = 512
[11:34:26] [main/INFO]: Setting up file watchers
[11:34:26] [main/INFO]: [KONKRETE] Loading v1.9.9 in server-side mode on FABRIC!
[11:34:26] [main/INFO]: ---------------------------
[11:34:26] [main/INFO]: KONKRETE SHIPS AND USES THE FOLLOWING LIBRARIES:
[11:34:26] [main/INFO]:  
[11:34:26] [main/INFO]: Open Imaging Copyright © 2014 Dhyan Blum.
[11:34:26] [main/INFO]: Open Imaging is licensed under Apache-2.0.
[11:34:26] [main/INFO]:  
[11:34:26] [main/INFO]: JsonPath Copyright © 2017 Jayway.
[11:34:26] [main/INFO]: JsonPath is licensed under Apache-2.0.
[11:34:26] [main/INFO]:  
[11:34:26] [main/INFO]: Json-smart Copyright © netplex.
[11:34:26] [main/INFO]: Json-smart is licensed under Apache-2.0.
[11:34:26] [main/INFO]:  
[11:34:26] [main/INFO]: Exp4j Copyright © Frank Asseg.
[11:34:26] [main/INFO]: Exp4j is licensed under Apache-2.0. https://github.com/fasseg/exp4j
[11:34:26] [main/INFO]: ---------------------------
[11:34:26] [main/INFO]: [KONKRETE] Server-side modules initialized and ready to use!
[11:34:26] [main/INFO]: Compression will use Java, encryption will use Java
[11:34:26] [main/INFO]: LumyMon v0.5.1-6 - Made by LUMYVERSE
[11:34:26] [main/INFO]: Registering C2S receiver with id mega_showdown:mega_evo
[11:34:26] [main/INFO]: Registering C2S receiver with id mega_showdown:ultra_burst
[11:34:26] [main/INFO]: Registering C2S receiver with id mega_showdown:secret_sword_move_swap
[11:34:26] [main/INFO]: Registering C2S receiver with id mega_showdown:party_to_pc_interrupt
[11:34:26] [main/WARN]: [MELODY] Disabling Melody since it's loaded server-side.
[11:34:26] [main/INFO]: Registering ModBlocks for moarconcrete
[11:34:26] [main/INFO]: Loading Noisium.
[11:34:26] [main/INFO]: Maybe we take a page out of the Wisp Forest handbook: When in doubt, steal glisco's code
[11:34:26] [main/INFO]: [Ping-Wheel] Init
[11:34:26] [main/INFO]: [Ping-Wheel] Loaded ServerConfig(defaultChannelMode=auto, playerTrackingEnabled=true, msToRegenerate=1000, rateLimit=5)
[11:34:26] [main/INFO]: Registering ItemGroups for pokeblocks
[11:34:26] [main/INFO]: Registering ModItems for pokeblocks
[11:34:26] [main/INFO]: Registering ModBlocks for pokeblocks
[11:34:26] [main/INFO]: Registering mod entities for pokeblocks
[11:34:26] [main/ERROR]: No data fixer registered for trainer
[11:34:26] [main/ERROR]: No data fixer registered for trainer_association
[11:34:27] [main/INFO]: Registering C2S receiver with id roughlyenoughitems:request_tags_c2s
[11:34:27] [main/INFO]: [REI] Registered plugin provider DefaultPlugin [roughlyenoughitems] for REIPlugin
[11:34:27] [main/INFO]: [REI] Registered plugin provider DefaultRuntimePlugin [roughlyenoughitems] for REIPlugin
[11:34:27] [main/INFO]: [REI] Registered plugin provider REIServerCompat [sophisticatedbackpacks] for REIPlugin
[11:34:27] [main/INFO]: [REI] Registered plugin provider REIServerCompat [sophisticatedcore] for REIPlugin
[11:34:27] [main/INFO]: [REI] Registered plugin provider REIServerCompat [sophisticatedstorage] for REIPlugin
[11:34:27] [main/INFO]: [REI] Registered plugin provider DefaultPlugin [roughlyenoughitems] for REIServerPlugin
[11:34:27] [main/INFO]: [REI] Registered plugin provider DefaultRuntimePlugin [roughlyenoughitems] for REIServerPlugin
[11:34:27] [main/INFO]: [REI] Registered plugin provider REIServerCompat [sophisticatedbackpacks] for REIServerPlugin
[11:34:27] [main/INFO]: [REI] Registered plugin provider REIServerCompat [sophisticatedcore] for REIServerPlugin
[11:34:27] [main/INFO]: [REI] Registered plugin provider REIServerCompat [sophisticatedstorage] for REIServerPlugin
[11:34:27] [main/INFO]: [REI] Registered plugin provider FabricFluidAPISupportPlugin for REIServerPlugin
[11:34:27] [main/INFO]: [REI] Registered plugin provider FabricFluidAPISupportPlugin for REIPlugin
[11:34:27] [main/INFO]: Registering C2S receiver with id roughlyenoughitems:delete_item
[11:34:27] [main/INFO]: Registering C2S receiver with id roughlyenoughitems:create_item
[11:34:27] [main/INFO]: Registering C2S receiver with id roughlyenoughitems:create_item_grab
[11:34:27] [main/INFO]: Registering C2S receiver with id roughlyenoughitems:create_item_hotbar
[11:34:27] [main/INFO]: Registering C2S receiver with id roughlyenoughitems:move_items
[11:34:27] [main/INFO]: Registering C2S receiver with id roughlyenoughitems:move_items_new
[11:34:27] [ToggleableConfigWatchService/INFO]: Registering config for libjf-config-core-v2
[11:34:27] [ToggleableConfigWatchService/INFO]: Created config watch service
[11:34:27] [main/ERROR]: No data fixer registered for 
[11:34:27] [main/INFO]: Creating asynchronous mapping cache executor...
[11:34:27] [Mappings Cache Thread #1/INFO]: Verifying cache of yarn mappings...
[11:34:27] [Mappings Cache Thread #1/INFO]: Latest build for yarn is already cached (35 hour(s) ago, refresh in 13 hour(s))
[11:34:27] [Mappings Cache Thread #1/INFO]: Mappings for yarn build 1.21.1+build.3 are already downloaded
[11:34:27] [Mappings Cache Thread #1/INFO]: Verified cache of yarn mappings (took 9ms)
[11:34:27] [Mappings Cache Thread #1/INFO]: Parsing yarn mappings...
[11:34:28] [Mappings Cache Thread #1/INFO]: Parsed yarn mappings (took 142ms)
[11:34:28] [Mappings Cache Thread #1/INFO]: Caching yarn mappings...
[11:34:28] [Mappings Cache Thread #1/INFO]: Cached yarn mappings (took 46ms)
[11:34:28] [Mappings Cache Thread #1/INFO]: Cached mappings have been built (took 203ms)
[11:34:28] [Mappings Cache Thread #1/INFO]:   Classes: 7535
[11:34:28] [Mappings Cache Thread #1/INFO]:   Methods: 27638
[11:34:28] [Mappings Cache Thread #1/INFO]:   Fields: 32194
[11:34:28] [ForkJoinPool.commonPool-worker-1/INFO]: Shutting down asynchronous mapping cache executor...
[11:34:28] [ForkJoinPool.commonPool-worker-1/INFO]: Injecting into root logger...
[11:34:28] [main/INFO]: Krypton is now accelerating your Minecraft server's networking stack 🚀
[11:34:28] [main/WARN]: Error loading class: net/minecraft/class_437 (java.lang.ClassNotFoundException: net/minecraft/class_437)
[11:34:28] [main/WARN]: Error loading class: net/minecraft/class_437 (java.lang.ClassNotFoundException: net/minecraft/class_437)
[11:34:28] [main/INFO]: Loading Xaero's Minimap - Stage 1/2 (Server)
[11:34:28] [main/INFO]: Loading Xaero's World Map - Stage 1/2 (Server)
[11:34:28] [main/INFO]: Environment: Environment[sessionHost=https://sessionserver.mojang.com, servicesHost=https://api.minecraftservices.com, name=PROD]
[11:34:30] [Worker-Main-3/INFO]: Loading config file lenientdeath.json5
[11:34:31] [Worker-Main-8/INFO]: All Tags to be dealt with: [accessories:back]
[11:34:31] [Worker-Main-8/WARN]: [RuntimeTagModification] Adding Entries from [trinkets:chest/back] to [accessories:back]: 
     [sophisticatedbackpacks:backpack (from sophisticatedbackpacks), sophisticatedbackpacks:copper_backpack (from sophisticatedbackpacks), sophisticatedbackpacks:iron_backpack (from sophisticatedbackpacks), sophisticatedbackpacks:gold_backpack (from sophisticatedbackpacks), sophisticatedbackpacks:diamond_backpack (from sophisticatedbackpacks), sophisticatedbackpacks:netherite_backpack (from sophisticatedbackpacks)]
[11:34:31] [Worker-Main-11/INFO]: Loaded 3 Custom Model Data mappings from Data Packs.
[11:34:32] [main/INFO]: Loaded 5495 recipes
[11:34:32] [main/INFO]: Loaded 4525 advancements
[11:34:32] [main/INFO]: Loaded 10 server scripts and 1 client scripts
[11:34:35] [main/INFO]: Loaded 937 moves
[11:34:36] [main/INFO]: Loaded 323 abilities
[11:34:36] [main/INFO]: Loaded 48 entity behaviours
[11:34:36] [main/INFO]: Finished additions
[11:34:37] [cobblemon Datafixer Bootstrap/INFO]: 4 Datafixer optimizations took 35 milliseconds
[11:34:37] [main/INFO]: Loaded 1025 Pokémon species
[11:34:38] [main/INFO]: Loaded 27 spawn detail presets.
[11:34:38] [main/INFO]: Starting dummy Showdown battle to force it to pre-load data.
[11:34:38] [main/INFO]: Imported 266 held item IDs from showdown
[11:34:38] [main/INFO]: Loaded 18 fossils
[11:34:39] [main/ERROR]: Invalid path in mod resource-pack cobblemon: cobblemon:dex_entry_additions/README.md, ignoring
[11:34:39] [main/ERROR]: Unable to find dex entry cobblemon:floette-eternalflower to add to from dex entry addition cobblemon:floette_eternal
[11:34:39] [main/ERROR]: Invalid path in mod resource-pack cobblemon: cobblemon:dex_additions/README.md, ignoring
[11:34:39] [main/INFO]: Loaded 6 callbacks and 0 client callbacks
[11:34:39] [main/INFO]: Loaded 168 marks
[11:34:39] [main/ERROR]: Unknown preset name: village.
[11:34:39] [main/ERROR]: Unknown preset name: village.
[11:34:39] [main/ERROR]: Unknown preset name: flowers.
[11:34:39] [main/ERROR]: Unknown preset name: flowers.
[11:34:39] [main/ERROR]: Unknown preset name: underwater.
[11:34:39] [main/ERROR]: Unknown preset name: underwater.
[11:34:39] [main/ERROR]: Unknown preset name: underground.
[11:34:39] [main/ERROR]: Unknown preset name: underground.
[11:34:39] [main/ERROR]: Unknown preset name: underground.
[11:34:39] [main/ERROR]: Unknown preset name: underground.
[11:34:39] [main/ERROR]: Unknown preset name: flowers.
[11:34:39] [main/ERROR]: Unknown preset name: underground.
[11:34:39] [main/ERROR]: Unknown preset name: ruins.
[11:34:39] [main/ERROR]: Unknown preset name: underwater.
[11:34:39] [main/ERROR]: Unknown preset name: underwater.
[11:34:39] [main/ERROR]: Unknown preset name: underwater.
[11:34:39] [main/ERROR]: Unknown preset name: underwater.
[11:34:39] [main/ERROR]: Unknown preset name: underwater.
[11:34:39] [main/ERROR]: Unknown preset name: underwater.
[11:34:39] [main/ERROR]: Unknown preset name: water_surface.
[11:34:39] [main/ERROR]: Unknown preset name: water_surface.
[11:34:39] [main/ERROR]: Unknown preset name: water_surface.
[11:34:39] [main/ERROR]: Unknown preset name: underwater.
[11:34:39] [main/ERROR]: Unknown preset name: underwater.
[11:34:39] [main/ERROR]: Unknown preset name: village.
[11:34:39] [main/ERROR]: Unknown preset name: underground.
[11:34:39] [main/ERROR]: Unknown preset name: ruins.
[11:34:40] [main/INFO]: Loaded 70 berries
[11:34:40] [main/INFO]: Loaded 137 Pokémon interaction sets
[11:34:40] [main/INFO]: Loaded 17 biome platforms
[11:34:40] [main/INFO]: Loading configuration
[11:34:40] [main/INFO]: Custom Model Data Mappings are now ready.
[11:34:40] [main/INFO]: [REI] ****************************************
[11:34:40] [main/INFO]: [REI] REIPlugin starting main-reload for START.
[11:34:40] [main/INFO]: [REI] Plugins (6):
[11:34:40] [main/INFO]: [REI]  - (-100,00) DefaultPlugin of DefaultPlugin [roughlyenoughitems]
[11:34:40] [main/INFO]: [REI]  - (0,00) FabricFluidAPISupportPlugin
[11:34:40] [main/INFO]: [REI]  - (0,00) REIServerCompat of REIServerCompat [sophisticatedstorage]
[11:34:40] [main/INFO]: [REI]  - (0,00) REIServerCompat of REIServerCompat [sophisticatedcore]
[11:34:40] [main/INFO]: [REI]  - (0,00) REIServerCompat of REIServerCompat [sophisticatedbackpacks]
[11:34:40] [main/INFO]: [REI]  - (0,00) DefaultRuntimePlugin of DefaultRuntimePlugin [roughlyenoughitems]
[11:34:40] [main/INFO]: [REI] ****************************************
[11:34:40] [main/INFO]: [REI] OOOOOOOOOOOOOOOOOOOOOOOOOOOOOOOOOOOOOOOO
[11:34:40] [main/INFO]: [REI] REIServerPlugin starting main-reload for START.
[11:34:40] [main/INFO]: [REI] Plugins (6):
[11:34:40] [main/INFO]: [REI]  - (-100,00) DefaultPlugin of DefaultPlugin [roughlyenoughitems]
[11:34:40] [main/INFO]: [REI]  - (0,00) FabricFluidAPISupportPlugin
[11:34:40] [main/INFO]: [REI]  - (0,00) REIServerCompat of REIServerCompat [sophisticatedstorage]
[11:34:40] [main/INFO]: [REI]  - (0,00) REIServerCompat of REIServerCompat [sophisticatedcore]
[11:34:40] [main/INFO]: [REI]  - (0,00) REIServerCompat of REIServerCompat [sophisticatedbackpacks]
[11:34:40] [main/INFO]: [REI]  - (0,00) DefaultRuntimePlugin of DefaultRuntimePlugin [roughlyenoughitems]
[11:34:40] [main/INFO]: [REI] OOOOOOOOOOOOOOOOOOOOOOOOOOOOOOOOOOOOOOOO
[11:34:40] [main/INFO]: [REI] REIPlugin finished post-reload for START in 1.246 ms, totaling 39.71 ms.
[11:34:40] [main/INFO]: [REI] REIServerPlugin finished post-reload for START in 468.4 μs, totaling 4.882 ms.
[11:34:40] [main/INFO]: [REI] ++++++++++++++++++++++++++++++++++++++++
[11:34:40] [main/INFO]: [REI] REIPlugin starting main-reload for END.
[11:34:40] [main/INFO]: [REI] Plugins (6):
[11:34:40] [main/INFO]: [REI]  - (-100,00) DefaultPlugin of DefaultPlugin [roughlyenoughitems]
[11:34:40] [main/INFO]: [REI]  - (0,00) FabricFluidAPISupportPlugin
[11:34:40] [main/INFO]: [REI]  - (0,00) REIServerCompat of REIServerCompat [sophisticatedstorage]
[11:34:40] [main/INFO]: [REI]  - (0,00) REIServerCompat of REIServerCompat [sophisticatedcore]
[11:34:40] [main/INFO]: [REI]  - (0,00) REIServerCompat of REIServerCompat [sophisticatedbackpacks]
[11:34:40] [main/INFO]: [REI]  - (0,00) DefaultRuntimePlugin of DefaultRuntimePlugin [roughlyenoughitems]
[11:34:40] [main/INFO]: [REI] ++++++++++++++++++++++++++++++++++++++++
[11:34:40] [main/INFO]: [REI] @@@@@@@@@@@@@@@@@@@@@@@@@@@@@@@@@@@@@@@@
[11:34:40] [main/INFO]: [REI] REIServerPlugin starting main-reload for END.
[11:34:40] [main/INFO]: [REI] Plugins (6):
[11:34:40] [main/INFO]: [REI]  - (-100,00) DefaultPlugin of DefaultPlugin [roughlyenoughitems]
[11:34:40] [main/INFO]: [REI]  - (0,00) FabricFluidAPISupportPlugin
[11:34:40] [main/INFO]: [REI]  - (0,00) REIServerCompat of REIServerCompat [sophisticatedstorage]
[11:34:40] [main/INFO]: [REI]  - (0,00) REIServerCompat of REIServerCompat [sophisticatedcore]
[11:34:40] [main/INFO]: [REI]  - (0,00) REIServerCompat of REIServerCompat [sophisticatedbackpacks]
[11:34:40] [main/INFO]: [REI]  - (0,00) DefaultRuntimePlugin of DefaultRuntimePlugin [roughlyenoughitems]
[11:34:40] [main/INFO]: [REI] @@@@@@@@@@@@@@@@@@@@@@@@@@@@@@@@@@@@@@@@
[11:34:40] [main/INFO]: [REI] REIPlugin finished post-reload for END in 697.5 μs, totaling 35.93 ms.
[11:34:40] [main/INFO]: [REI] REIServerPlugin finished post-reload for END in 587.4 μs, totaling 7.297 ms.
[11:34:40] [ForkJoinPool.commonPool-worker-1/INFO]: Loaded 48 translation keys
[11:34:40] [main/INFO]: Loaded 1 trades
[11:34:40] [main/WARN]: Not all defined tags for registry ResourceKey[minecraft:root / minecraft:item] are present in data pack: cobblemon:mint_leaf, mega_showdown:rotom_appliances
[11:34:40] [main/WARN]: [BiomeReplacer] Config issue on line 9: Biome 'terralith:alpha_islands' does not exist, ignoring rule
[11:34:40] [main/WARN]: [BiomeReplacer] Config issue on line 10: Biome 'terralith:alpha_islands_winter' does not exist, ignoring rule
[11:34:40] [main/WARN]: [BiomeReplacer] Config issue on line 11: Biome 'terralith:basalt_cliffs' does not exist, ignoring rule
[11:34:40] [main/WARN]: [BiomeReplacer] Config issue on line 12: Biome 'terralith:cave/infested_caves' does not exist, ignoring rule
[11:34:40] [main/WARN]: [BiomeReplacer] Config issue on line 13: Biome 'terralith:cave/mantle_caves' does not exist, ignoring rule
[11:34:40] [main/WARN]: [BiomeReplacer] Config issue on line 14: Biome 'terralith:cave/thermal_caves' does not exist, ignoring rule
[11:34:40] [main/WARN]: [BiomeReplacer] Config issue on line 15: Biome 'terralith:cave/tuff_caves' does not exist, ignoring rule
[11:34:40] [main/WARN]: [BiomeReplacer] Config issue on line 16: Biome 'terralith:cold_shrubland' does not exist, ignoring rule
[11:34:40] [main/WARN]: [BiomeReplacer] Config issue on line 17: Biome 'terralith:desert_spires' does not exist, ignoring rule
[11:34:40] [main/WARN]: [BiomeReplacer] Config issue on line 18: Biome 'terralith:emerald_peaks' does not exist, ignoring rule
[11:34:40] [main/WARN]: [BiomeReplacer] Config issue on line 19: Biome 'terralith:fractured_savanna' does not exist, ignoring rule
[11:34:40] [main/WARN]: [BiomeReplacer] Config issue on line 20: Biome 'terralith:frozen_cliffs' does not exist, ignoring rule
[11:34:40] [main/WARN]: [BiomeReplacer] Config issue on line 21: Biome 'terralith:granite_cliffs' does not exist, ignoring rule
[11:34:40] [main/WARN]: [BiomeReplacer] Config issue on line 22: Biome 'terralith:gravel_desert' does not exist, ignoring rule
[11:34:40] [main/WARN]: [BiomeReplacer] Config issue on line 23: Biome 'terralith:haze_mountain' does not exist, ignoring rule
[11:34:40] [main/WARN]: [BiomeReplacer] Config issue on line 24: Biome 'terralith:highlands' does not exist, ignoring rule
[11:34:40] [main/WARN]: [BiomeReplacer] Config issue on line 25: Biome 'terralith:hot_shrubland' does not exist, ignoring rule
[11:34:40] [main/WARN]: [BiomeReplacer] Config issue on line 26: Biome 'terralith:jungle_mountains' does not exist, ignoring rule
[11:34:40] [main/WARN]: [BiomeReplacer] Config issue on line 27: Biome 'terralith:painted_mountains' does not exist, ignoring rule
[11:34:40] [main/WARN]: [BiomeReplacer] Config issue on line 28: Biome 'terralith:rocky_shrubland' does not exist, ignoring rule
[11:34:40] [main/WARN]: [BiomeReplacer] Config issue on line 29: Biome 'terralith:savanna_badlands' does not exist, ignoring rule
[11:34:40] [main/WARN]: [BiomeReplacer] Config issue on line 30: Biome 'terralith:scarlet_mountains' does not exist, ignoring rule
[11:34:40] [main/WARN]: [BiomeReplacer] Config issue on line 31: Biome 'terralith:shield_clearing' does not exist, ignoring rule
[11:34:40] [main/WARN]: [BiomeReplacer] Config issue on line 32: Biome 'terralith:skylands_autumn' does not exist, ignoring rule
[11:34:40] [main/WARN]: [BiomeReplacer] Config issue on line 33: Biome 'terralith:skylands_spring' does not exist, ignoring rule
[11:34:40] [main/WARN]: [BiomeReplacer] Config issue on line 34: Biome 'terralith:skylands_summer' does not exist, ignoring rule
[11:34:40] [main/WARN]: [BiomeReplacer] Config issue on line 35: Biome 'terralith:skylands_winter' does not exist, ignoring rule
[11:34:40] [main/WARN]: [BiomeReplacer] Config issue on line 36: Biome 'terralith:snowy_maple_forest' does not exist, ignoring rule
[11:34:40] [main/WARN]: [BiomeReplacer] Config issue on line 37: Biome 'terralith:stony_spires' does not exist, ignoring rule
[11:34:40] [main/WARN]: [BiomeReplacer] Config issue on line 38: Biome 'terralith:tropical_jungle' does not exist, ignoring rule
[11:34:40] [main/WARN]: [BiomeReplacer] Config issue on line 39: Biome 'terralith:warped_mesa' does not exist, ignoring rule
[11:34:40] [main/WARN]: [BiomeReplacer] Config issue on line 40: Biome 'terralith:white_mesa' does not exist, ignoring rule
[11:34:40] [main/WARN]: [BiomeReplacer] Config issue on line 41: Biome 'terralith:windswept_spires' does not exist, ignoring rule
[11:34:40] [main/WARN]: [BiomeReplacer] Config issue on line 42: Biome 'terralith:wintry_lowlands' does not exist, ignoring rule
[11:34:40] [main/WARN]: [BiomeReplacer] Config issue on line 43: Biome 'terralith:yellowstone' does not exist, ignoring rule
[11:34:40] [main/INFO]: [BiomeReplacer] Loaded 0 rules (0 direct, 0 tag-based) and ignored 35
[11:34:40] [main/INFO]: [BiomeReplacer] No rules found, not replacing anything
[11:34:40] [main/WARN]: Initial datapack load took 11.70 s
[11:34:40] [main/INFO]: Applied 863 biome modifications to 64 of 64 new biomes in 23.12 ms
[11:34:40] [Server thread/INFO]: Loading default shop config...
[11:34:40] [Server thread/INFO]: Default shop config loaded!
[11:34:40] [Server thread/INFO]: Loading bank config...
[11:34:40] [Server thread/INFO]: Bank config loaded!
[11:34:40] [Server thread/WARN]: Error loading class: com/github/d0ctorleon/mythsandlegends/cobblemon/spawning/condition/item/KeyItemCondition (java.lang.ClassNotFoundException: com/github/d0ctorleon/mythsandlegends/cobblemon/spawning/condition/item/KeyItemCondition)
[11:34:40] [Server thread/INFO]: Registered 8 collectors and 4 block collectors
[11:34:40] [Server thread/INFO]: MobsBeGone >> Total Entity Types: 145 | Bit Array Size: 3 longs / 192 bits | Blacklisted Entities: 80
[11:34:40] [Server thread/INFO]: MobsBeGone >> Up and running!
[11:34:40] [Server thread/INFO]: Starting minecraft server version 1.21.1
[11:34:40] [Server thread/INFO]: Loading properties
[11:34:40] [Server thread/INFO]: Default game type: SURVIVAL
[11:34:40] [Server thread/INFO]: Generating keypair
[11:34:40] [Server thread/INFO]: Starting Minecraft server on *:25565
[11:34:41] [Server thread/INFO]: Using default channel type
[11:34:41] [Server thread/INFO]: Preparing level "world"
[11:34:41] [Server thread/INFO]: Preparing start region for dimension minecraft:overworld
[11:34:41] [Server thread/WARN]: Method overwrite conflict for removeIf in modernfix-common.mixins.json:bugfix.paper_chunk_patches.SortedArraySetMixin from mod modernfix, previously written by net.caffeinemc.mods.lithium.mixin.collections.chunk_tickets.SortedArraySetMixin. Skipping method.
[11:34:41] [Worker-Main-4/INFO]: Preparing spawn area: 0%
[11:34:42] [Server thread/INFO]: Time elapsed: 523 ms
[11:34:42] [Server thread/INFO]: Done (0.913s)! For help, type "help"
[11:34:42] [Server thread/WARN]: Dedicated server took 42.168 seconds to load
[11:34:42] [Server thread/INFO]: Optimizing spawn pools...
[11:34:42] [Server thread/INFO]: Loading Xaero's Minimap - Stage 2/2 (Server)
[11:34:42] [Server thread/INFO]: Loading Xaero's World Map - Stage 2/2 (Server)
[11:34:42] [Server thread/INFO]: Data pack initialized: rctmod
[11:34:42] [Server thread/INFO]: Data pack initialized: COBBLEVERSE-RCT-DP-v14.zip
[11:34:48] [Server thread/INFO]: Registered 1664 trainers
[11:34:48] [Server thread/WARN]: Can't keep up! Is the server overloaded? Running 6098ms or 121 ticks behind
[11:37:00] [User Authenticator #1/INFO]: UUID of player hvossanz is a6cacb26-578a-4f7b-8b6b-dc6ce1dedc55
[11:37:02] [Server thread/INFO]: [STDOUT]: Lithium Cached BlockState Flags are disabled!
[11:37:02] [Server thread/INFO]: hvossanz[/192.168.100.129:51412] logged in with entity id 3 at (-1209.059414051942, 67.0, 1430.3242470661733)
[11:37:02] [Server thread/INFO]: Sending server config values to client
[11:37:03] [Server thread/INFO]: hvossanz joined the game
[11:37:03] [Server thread/INFO]: Registered trainer player: hvossanz
[11:37:04] [Server thread/WARN]: Error loading class: net/minecraft/class_638 (java.lang.ClassNotFoundException: net/minecraft/class_638)
[11:37:04] [Server thread/WARN]: Error loading class: net/minecraft/class_638 (java.lang.ClassNotFoundException: net/minecraft/class_638)
[11:37:04] [Server thread/WARN]: Error loading class: net/minecraft/class_1043 (java.lang.ClassNotFoundException: net/minecraft/class_1043)
[11:37:04] [Server thread/WARN]: Can't keep up! Is the server overloaded? Running 2173ms or 43 ticks behind
[11:37:07] [Server thread/INFO]: Channel update: hvossanz -> default
[11:37:07] [Server thread/INFO]: Receiving client config
[11:37:09] [Server thread/INFO]: [FANCYMENU] A client with FancyMenu installed joined the server: hvossanz
[11:38:36] [Server thread/WARN]: Entity PokemonEntity['Drednaw'/31336, l='ServerLevel[world]', x=-1193.50, y=67.00, z=1422.50, removed=KILLED] wasn't found in section class_4076{x=-75, y=4, z=88} (destroying due to DISCARDED)
[11:38:57] [Server thread/WARN]: Entity PokemonEntity['Corvisquire'/69957, l='ServerLevel[world]', x=-1193.08, y=67.00, z=1422.42, removed=KILLED] wasn't found in section class_4076{x=-75, y=4, z=88} (destroying due to DISCARDED)
[11:39:26] [Server thread/WARN]: Entity PokemonEntity['Luxio'/87308, l='ServerLevel[world]', x=-1192.82, y=67.00, z=1422.37, removed=KILLED] wasn't found in section class_4076{x=-75, y=4, z=88} (destroying due to DISCARDED)
[11:40:02] [Server thread/WARN]: Entity PokemonEntity['Fomantis'/106189, l='ServerLevel[world]', x=-1194.27, y=67.00, z=1426.64, removed=DISCARDED] wasn't found in section class_4076{x=-75, y=4, z=89} (destroying due to DISCARDED)
[12:26:45] [Server thread/INFO]: hvossanz has made the advancement [Ice Bucket Challenge]
[12:27:30] [Server thread/INFO]: hvossanz has made the advancement [Hot Stuff]
[12:29:19] [Server thread/WARN]: hvossanz moved too quickly! -798.7792641403798,7.4375,-283.41407808687313
[12:33:33] [Server thread/WARN]: hvossanz moved too quickly! -798.3839270355807,7.4375,-283.3209618677067
[12:34:34] [Server thread/INFO]: No return portal found
[12:34:37] [Server thread/INFO]: hvossanz has made the advancement [We Need to Go Deeper]
[12:34:39] [Server thread/WARN]: Can't keep up! Is the server overloaded? Running 4614ms or 92 ticks behind
[12:35:44] [Worker-Main-9/WARN]: Skipped emitting ENTITY_MOUNT game event for entity class_4985['Strider'/1094758, l='ServerLevel[world]', x=-376.00, y=31.00, z=437.00] as it would cause deadlock
[12:35:44] [Server thread/WARN]: Skipped emitting ENTITY_MOUNT game event for entity class_4985['Strider'/1094761, l='ServerLevel[world]', x=-376.00, y=31.00, z=437.00] as it would cause deadlock
[12:38:11] [Worker-Main-13/WARN]: Skipped emitting ENTITY_MOUNT game event for entity class_4985['Strider'/1104055, l='ServerLevel[world]', x=-402.00, y=31.00, z=478.00] as it would cause deadlock
[12:38:11] [Server thread/WARN]: Skipped emitting ENTITY_MOUNT game event for entity class_4985['Strider'/1104063, l='ServerLevel[world]', x=-402.00, y=31.00, z=478.00] as it would cause deadlock
[12:55:55] [Server thread/WARN]: Entity PokemonEntity['Luxio'/1322299, l='ServerLevel[world]', x=-2176.54, y=66.06, z=1793.11, removed=DISCARDED] wasn't found in section class_4076{x=-137, y=4, z=112} (destroying due to DISCARDED)
[12:56:01] [Server thread/WARN]: Entity PokemonEntity['Corvisquire'/1327155, l='ServerLevel[world]', x=-2176.45, y=66.06, z=1793.27, removed=DISCARDED] wasn't found in section class_4076{x=-137, y=4, z=112} (destroying due to DISCARDED)
[12:56:59] [Server thread/WARN]: Entity PokemonEntity['Torracat'/1331194, l='ServerLevel[world]', x=-2174.57, y=70.00, z=1792.16, removed=DISCARDED] wasn't found in section class_4076{x=-136, y=4, z=112} (destroying due to DISCARDED)
[13:20:01] [Server thread/WARN]: Entity PokemonEntity['Beedrill'/1750951, l='ServerLevel[world]', x=-3138.82, y=74.00, z=1722.92, removed=KILLED] wasn't found in section class_4076{x=-197, y=4, z=107} (destroying due to DISCARDED)
[13:21:16] [Server thread/WARN]: Entity PokemonEntity['Fomantis'/1801932, l='ServerLevel[world]', x=-3071.56, y=68.00, z=1756.52, removed=DISCARDED] wasn't found in section class_4076{x=-192, y=4, z=109} (destroying due to DISCARDED)
[13:23:41] [Server thread/WARN]: Entity PokemonEntity['Fomantis'/1947616, l='ServerLevel[world]', x=-3306.43, y=69.00, z=1743.97, removed=DISCARDED] wasn't found in section class_4076{x=-207, y=4, z=108} (destroying due to DISCARDED)
[13:24:24] [Server thread/WARN]: Entity PokemonEntity['Dolliv'/1949867, l='ServerLevel[world]', x=-3309.47, y=68.00, z=1751.01, removed=DISCARDED] wasn't found in section class_4076{x=-207, y=4, z=109} (destroying due to DISCARDED)
[13:25:23] [Server thread/WARN]: Entity PokemonEntity['Luxio'/1979861, l='ServerLevel[world]', x=-3360.92, y=69.00, z=1775.66, removed=DISCARDED] wasn't found in section class_4076{x=-211, y=4, z=110} (destroying due to DISCARDED)
[13:27:15] [Server thread/WARN]: Entity PokemonEntity['Luxio'/2012860, l='ServerLevel[world]', x=-3481.97, y=71.00, z=1745.10, removed=KILLED] wasn't found in section class_4076{x=-218, y=4, z=109} (destroying due to DISCARDED)
[13:27:42] [Server thread/WARN]: Entity PokemonEntity['Corvisquire'/2043388, l='ServerLevel[world]', x=-3483.40, y=71.00, z=1743.45, removed=DISCARDED] wasn't found in section class_4076{x=-218, y=4, z=108} (destroying due to DISCARDED)
[13:28:37] [Server thread/WARN]: Entity PokemonEntity['Corvisquire'/2049014, l='ServerLevel[world]', x=-3493.38, y=71.00, z=1750.13, removed=DISCARDED] wasn't found in section class_4076{x=-219, y=4, z=109} (destroying due to DISCARDED)
[13:28:39] [Server thread/WARN]: Entity PokemonEntity['Corvisquire'/2059368, l='ServerLevel[world]', x=-3485.96, y=70.00, z=1715.35, removed=DISCARDED] wasn't found in section class_4076{x=-218, y=4, z=107} (destroying due to DISCARDED)
[13:28:42] [Server thread/WARN]: Entity PokemonEntity['Corvisquire'/2059765, l='ServerLevel[world]', x=-3496.79, y=71.00, z=1713.32, removed=DISCARDED] wasn't found in section class_4076{x=-219, y=4, z=107} (destroying due to DISCARDED)
[13:28:51] [Server thread/WARN]: Tried to load a block entity for block Block{cobblemon:pc}[facing=west,part=top,on=false,waterlogged=false,natural=false] but failed at location class_2338{x=-3720, y=102, z=1848}
[13:30:02] [Server thread/WARN]: Tried to load a block entity for block Block{cobblefurnies:statue_ancient}[facing=west,half=upper] but failed at location class_2338{x=-3621, y=69, z=1471}
[13:30:02] [Server thread/WARN]: Tried to load a block entity for block Block{cobblefurnies:statue_ancient}[facing=west,half=upper] but failed at location class_2338{x=-3621, y=69, z=1467}
[13:31:17] [Server thread/WARN]: Entity PokemonEntity['Drednaw'/2088483, l='ServerLevel[world]', x=-3630.23, y=68.00, z=1605.38, removed=DISCARDED] wasn't found in section class_4076{x=-227, y=4, z=100} (destroying due to DISCARDED)
[13:35:48] [Server thread/WARN]: Entity PokemonEntity['Drednaw'/2133385, l='ServerLevel[world]', x=-3681.00, y=66.00, z=1448.76, removed=DISCARDED] wasn't found in section class_4076{x=-231, y=4, z=90} (destroying due to DISCARDED)
[13:40:20] [Server thread/WARN]: Entity PokemonEntity['Drednaw'/2257471, l='ServerLevel[world]', x=-3629.72, y=66.00, z=1470.38, removed=DISCARDED] wasn't found in section class_4076{x=-227, y=4, z=91} (destroying due to DISCARDED)
[13:42:10] [Server thread/WARN]: Entity PokemonEntity['Drednaw'/2294765, l='ServerLevel[world]', x=-3614.30, y=68.00, z=1465.54, removed=KILLED] wasn't found in section class_4076{x=-226, y=4, z=91} (destroying due to DISCARDED)
[13:42:27] [Server thread/INFO]: No battle could be found with the id: f66f3078-e579-4576-a200-840c19651bff
[13:42:27] [Server thread/INFO]: No battle could be found with the id: f66f3078-e579-4576-a200-840c19651bff
[13:42:27] [Server thread/INFO]: hvossanz lost connection: Disconnected
[13:42:27] [Server thread/INFO]: hvossanz left the game
[13:42:27] [Server thread/INFO]: Unregistered trainer player: hvossanz
[13:42:30] [User Authenticator #2/INFO]: UUID of player hvossanz is a6cacb26-578a-4f7b-8b6b-dc6ce1dedc55
[13:42:31] [Server thread/INFO]: hvossanz[/192.168.100.129:60267] logged in with entity id 2322341 at (-3611.1456351024594, 68.0, 1469.7185529535227)
[13:42:31] [Server thread/INFO]: Sending server config values to client
[13:42:31] [Server thread/INFO]: hvossanz joined the game
[13:42:31] [Server thread/INFO]: Registered trainer player: hvossanz
[13:42:31] [Server thread/WARN]: Player 'hvossanz' is not in a battle
[13:42:32] [Server thread/INFO]: Channel update: hvossanz -> default
[13:42:32] [Server thread/INFO]: Receiving client config
[13:42:32] [Server thread/INFO]: [FANCYMENU] A client with FancyMenu installed joined the server: hvossanz
[13:43:13] [Server thread/WARN]: Entity PokemonEntity['Torracat'/2322522, l='ServerLevel[world]', x=-3612.20, y=68.00, z=1467.60, removed=KILLED] wasn't found in section class_4076{x=-226, y=4, z=91} (destroying due to DISCARDED)
[13:43:32] [Server thread/WARN]: Entity PokemonEntity['Fomantis'/2335515, l='ServerLevel[world]', x=-3611.29, y=68.00, z=1468.55, removed=DISCARDED] wasn't found in section class_4076{x=-226, y=4, z=91} (destroying due to DISCARDED)
[13:43:43] [Server thread/WARN]: Entity PokemonEntity['Drednaw'/2341053, l='ServerLevel[world]', x=-3611.47, y=68.00, z=1464.05, removed=DISCARDED] wasn't found in section class_4076{x=-226, y=4, z=91} (destroying due to DISCARDED)
[13:45:04] [Server thread/WARN]: Entity PokemonEntity['Drednaw'/2342426, l='ServerLevel[world]', x=-3611.64, y=68.00, z=1464.54, removed=KILLED] wasn't found in section class_4076{x=-226, y=4, z=91} (destroying due to DISCARDED)
[13:45:48] [Server thread/WARN]: Entity PokemonEntity['Fomantis'/2365890, l='ServerLevel[world]', x=-3612.12, y=68.00, z=1470.46, removed=KILLED] wasn't found in section class_4076{x=-226, y=4, z=91} (destroying due to DISCARDED)
[13:46:25] [Server thread/WARN]: Entity PokemonEntity['Luxio'/2379323, l='ServerLevel[world]', x=-3612.31, y=68.00, z=1471.44, removed=DISCARDED] wasn't found in section class_4076{x=-226, y=4, z=91} (destroying due to DISCARDED)
[13:53:07] [Server thread/INFO]: hvossanz has made the advancement [A Full Palette]
[13:57:53] [Server thread/WARN]: Entity PokemonEntity['Luxio'/2558690, l='ServerLevel[world]', x=-3746.16, y=106.00, z=2026.50, removed=DISCARDED] wasn't found in section class_4076{x=-235, y=6, z=126} (destroying due to DISCARDED)
[13:58:16] [Server thread/WARN]: Entity PokemonEntity['Luxio'/2627021, l='ServerLevel[world]', x=-3717.66, y=119.00, z=2033.18, removed=DISCARDED] wasn't found in section class_4076{x=-233, y=7, z=127} (destroying due to DISCARDED)
[13:59:19] [Server thread/WARN]: Entity PokemonEntity['Luxio'/2633791, l='ServerLevel[world]', x=-3743.93, y=120.00, z=2087.23, removed=DISCARDED] wasn't found in section class_4076{x=-234, y=7, z=130} (destroying due to DISCARDED)
[14:01:13] [Server thread/WARN]: Entity PokemonEntity['Luxio'/2672024, l='ServerLevel[world]', x=-3564.84, y=67.00, z=2195.89, removed=DISCARDED] wasn't found in section class_4076{x=-223, y=4, z=137} (destroying due to DISCARDED)
[14:01:24] [Server thread/WARN]: Entity PokemonEntity['Torracat'/2675169, l='ServerLevel[world]', x=-3564.95, y=67.00, z=2196.13, removed=KILLED] wasn't found in section class_4076{x=-223, y=4, z=137} (destroying due to DISCARDED)
[14:02:43] [Server thread/WARN]: Entity PokemonEntity['Corvisquire'/2677957, l='ServerLevel[world]', x=-3564.95, y=67.00, z=2196.13, removed=KILLED] wasn't found in section class_4076{x=-223, y=4, z=137} (destroying due to DISCARDED)
[14:03:11] [Server thread/WARN]: Entity PokemonEntity['Fomantis'/2696033, l='ServerLevel[world]', x=-3556.74, y=67.00, z=2205.26, removed=DISCARDED] wasn't found in section class_4076{x=-223, y=4, z=137} (destroying due to DISCARDED)
[14:05:19] [Server thread/INFO]: hvossanz lost connection: Disconnected
[14:05:19] [Server thread/INFO]: hvossanz left the game
[14:05:19] [Server thread/INFO]: Unregistered trainer player: hvossanz
[14:53:41] [Server thread/WARN]: Can't keep up! Is the server overloaded? Running 1657022ms or 33140 ticks behind
[14:55:13] [User Authenticator #3/INFO]: UUID of player hvossanz is a6cacb26-578a-4f7b-8b6b-dc6ce1dedc55
[14:55:14] [Server thread/INFO]: hvossanz[/192.168.100.129:55941] logged in with entity id 2748339 at (-3048.308349695193, 82.0, 1996.7788406832287)
[14:55:14] [Server thread/INFO]: Sending server config values to client
[14:55:14] [Server thread/INFO]: hvossanz joined the game
[14:55:14] [Server thread/INFO]: Registered trainer player: hvossanz
[14:55:18] [Server thread/INFO]: Channel update: hvossanz -> default
[14:55:18] [Server thread/INFO]: Receiving client config
[14:55:19] [Server thread/INFO]: [FANCYMENU] A client with FancyMenu installed joined the server: hvossanz
[14:56:23] [Server thread/WARN]: hvossanz moved too quickly! 854.8016898365595,-7.5,-207.82657576232805
[14:56:23] [Server thread/WARN]: hvossanz moved too quickly! 854.8016898365595,-7.5,-207.82657576232805
[14:57:19] [User Authenticator #4/INFO]: UUID of player Monki_CTM is d0a8d64a-ad3d-4124-9491-a721f26ce4e2
[14:57:20] [Server thread/INFO]: Monki_CTM[/26.233.118.239:57407] logged in with entity id 2785320 at (-1209.3926087799525, 67.0, 1429.60751554392)
[14:57:20] [Server thread/INFO]: Sending server config values to client
[14:57:20] [Server thread/INFO]: Monki_CTM joined the game
[14:57:20] [Server thread/INFO]: Registered trainer player: Monki_CTM
[14:57:25] [Server thread/INFO]: Channel update: Monki_CTM -> default
[14:57:25] [Server thread/INFO]: Receiving client config
[14:57:26] [Server thread/INFO]: [FANCYMENU] A client with FancyMenu installed joined the server: Monki_CTM
[15:03:28] [Server thread/WARN]: Entity PokemonEntity['Ponyta'/3053111, l='ServerLevel[world]', x=-1025.07, y=71.00, z=1288.75, removed=KILLED] wasn't found in section class_4076{x=-65, y=4, z=80} (destroying due to DISCARDED)
[15:03:58] [Server thread/WARN]: Entity PokemonEntity['Tinkatuff'/3067277, l='ServerLevel[world]', x=-1026.06, y=71.00, z=1288.91, removed=DISCARDED] wasn't found in section class_4076{x=-65, y=4, z=80} (destroying due to DISCARDED)
[15:04:55] [Server thread/WARN]: hvossanz moved too quickly! -888.4806250421648,-5.5625,-35.23878566710846
[15:08:25] [Server thread/WARN]: Entity PokemonEntity['Luxio'/3255943, l='ServerLevel[world]', x=-3035.15, y=79.00, z=1663.70, removed=DISCARDED] wasn't found in section class_4076{x=-190, y=4, z=103} (destroying due to DISCARDED)
[15:08:47] [Server thread/WARN]: Entity PokemonEntity['Drednaw'/3263689, l='ServerLevel[world]', x=-3022.80, y=81.00, z=1646.67, removed=DISCARDED] wasn't found in section class_4076{x=-189, y=5, z=102} (destroying due to DISCARDED)
[15:11:51] [Server thread/WARN]: Entity PokemonEntity['Corvisquire'/3395352, l='ServerLevel[world]', x=-666.08, y=64.00, z=937.41, removed=DISCARDED] wasn't found in section class_4076{x=-42, y=4, z=58} (destroying due to DISCARDED)
[15:12:06] [Server thread/WARN]: Entity PokemonEntity['Elekid'/3405404, l='ServerLevel[world]', x=-665.89, y=64.00, z=937.23, removed=DISCARDED] wasn't found in section class_4076{x=-42, y=4, z=58} (destroying due to DISCARDED)
[15:12:36] [Server thread/WARN]: Entity PokemonEntity['Corvisquire'/3416780, l='ServerLevel[world]', x=-666.08, y=64.00, z=937.41, removed=DISCARDED] wasn't found in section class_4076{x=-42, y=4, z=58} (destroying due to DISCARDED)
[15:14:00] [Server thread/WARN]: Entity PokemonEntity['Corvisquire'/3496999, l='ServerLevel[world]', x=-668.50, y=65.00, z=972.50, removed=DISCARDED] wasn't found in section class_4076{x=-42, y=4, z=60} (destroying due to DISCARDED)
[15:14:26] [Server thread/WARN]: Entity PokemonEntity['Mareanie'/3502791, l='ServerLevel[world]', x=-668.50, y=64.00, z=973.50, removed=DISCARDED] wasn't found in section class_4076{x=-42, y=4, z=60} (destroying due to DISCARDED)
[15:14:51] [Server thread/WARN]: Entity PokemonEntity['Tinkatuff'/3438264, l='ServerLevel[world]', x=-676.76, y=65.00, z=970.30, removed=DISCARDED] wasn't found in section class_4076{x=-43, y=4, z=60} (destroying due to DISCARDED)
[15:16:07] [Worker-Main-20/WARN]: Empty or non-existent pool: bca:centers
[15:17:47] [Server thread/WARN]: Entity PokemonEntity['Drednaw'/3382486, l='ServerLevel[world]', x=-3340.53, y=68.00, z=1133.50, removed=DISCARDED] wasn't found in section class_4076{x=-209, y=4, z=70} (destroying due to DISCARDED)
[15:18:34] [Server thread/WARN]: Tried to load a block entity for block Block{cobblemon:pc}[facing=west,part=top,on=false,waterlogged=false,natural=false] but failed at location class_2338{x=-3716, y=71, z=1017}
[15:20:04] [Server thread/WARN]: Tried to load a block entity for block Block{cobblefurnies:statue_ancient}[facing=west,half=upper] but failed at location class_2338{x=-1701, y=73, z=79}
[15:20:04] [Server thread/WARN]: Tried to load a block entity for block Block{cobblefurnies:statue_ancient}[facing=west,half=upper] but failed at location class_2338{x=-1701, y=73, z=75}
[15:20:24] [Server thread/WARN]: Entity PokemonEntity['Corvisquire'/3751655, l='ServerLevel[world]', x=-1775.48, y=70.00, z=257.30, removed=DISCARDED] wasn't found in section class_4076{x=-111, y=4, z=16} (destroying due to DISCARDED)
[15:20:49] [Server thread/WARN]: Entity PokemonEntity['Prinplup'/3783253, l='ServerLevel[world]', x=-1772.38, y=71.00, z=248.59, removed=DISCARDED] wasn't found in section class_4076{x=-111, y=4, z=15} (destroying due to DISCARDED)
[15:26:48] [Server thread/WARN]: Tried to load a block entity for block Block{cobblemon:pc}[facing=west,part=top,on=false,waterlogged=false,natural=false] but failed at location class_2338{x=-2854, y=91, z=-570}
[15:26:53] [Server thread/WARN]: Tried to load a block entity for block Block{cobblemon:pc}[facing=east,part=top,on=false,waterlogged=false,natural=false] but failed at location class_2338{x=-2877, y=94, z=-489}
[15:26:53] [Server thread/WARN]: Tried to load a block entity for block Block{cobblemon:pc}[facing=south,part=top,on=false,waterlogged=false,natural=false] but failed at location class_2338{x=-2870, y=95, z=-430}
[15:27:14] [Worker-Main-18/ERROR]: Tried to load invalid item: 'No component with type: 'patchouli:book'; No component with type: 'patchouli:book' missed input: {"patchouli:book":"cobblepedia:cobblepedia"}; Unknown registry key in ResourceKey[minecraft:root / minecraft:item]: patchouli:guide_book'
[15:28:54] [Server thread/WARN]: Entity PokemonEntity['Corvisquire'/4132421, l='ServerLevel[world]', x=-2728.00, y=75.00, z=-421.74, removed=KILLED] wasn't found in section class_4076{x=-171, y=4, z=-27} (destroying due to DISCARDED)
[15:29:26] [Server thread/WARN]: Entity PokemonEntity['Mareanie'/4220043, l='ServerLevel[world]', x=-2727.61, y=75.00, z=-421.49, removed=KILLED] wasn't found in section class_4076{x=-171, y=4, z=-27} (destroying due to DISCARDED)
[15:29:47] [Server thread/WARN]: Tried to load a block entity for block Block{cobblefurnies:statue_ancient}[facing=north,half=upper] but failed at location class_2338{x=-3695, y=73, z=699}
[15:29:47] [Server thread/WARN]: Tried to load a block entity for block Block{cobblefurnies:statue_ancient}[facing=north,half=upper] but failed at location class_2338{x=-3691, y=73, z=699}
[15:29:57] [Server thread/WARN]: Entity PokemonEntity['Tinkatuff'/4250252, l='ServerLevel[world]', x=-2727.94, y=75.00, z=-421.88, removed=DISCARDED] wasn't found in section class_4076{x=-171, y=4, z=-27} (destroying due to DISCARDED)
[15:30:23] [Server thread/WARN]: Entity PokemonEntity['Corvisquire'/4274603, l='ServerLevel[world]', x=-2728.00, y=75.00, z=-421.74, removed=DISCARDED] wasn't found in section class_4076{x=-171, y=4, z=-27} (destroying due to DISCARDED)
[15:30:50] [Server thread/WARN]: Entity PokemonEntity['Elekid'/4300913, l='ServerLevel[world]', x=-2728.08, y=75.00, z=-421.99, removed=DISCARDED] wasn't found in section class_4076{x=-171, y=4, z=-27} (destroying due to DISCARDED)
[15:31:49] [Server thread/WARN]: Entity PokemonEntity['Corvisquire'/4348698, l='ServerLevel[world]', x=-2730.51, y=75.00, z=-422.55, removed=DISCARDED] wasn't found in section class_4076{x=-171, y=4, z=-27} (destroying due to DISCARDED)
[15:31:52] [Worker-Main-26/ERROR]: Tried to load invalid item: 'No component with type: 'patchouli:book'; No component with type: 'patchouli:book' missed input: {"patchouli:book":"cobblepedia:cobblepedia"}; Unknown registry key in ResourceKey[minecraft:root / minecraft:item]: patchouli:guide_book'
[15:32:53] [Server thread/WARN]: Entity PokemonEntity['Prinplup'/4316426, l='ServerLevel[world]', x=-2866.14, y=94.00, z=-432.46, removed=DISCARDED] wasn't found in section class_4076{x=-180, y=5, z=-28} (destroying due to DISCARDED)
[15:33:23] [Worker-Main-26/ERROR]: Tried to load invalid item: 'Unknown registry key in ResourceKey[minecraft:root / minecraft:item]: cobblemon:braised_vivichoke'
[15:34:30] [Server thread/WARN]: Tried to load a DUMMY block entity @ class_2338{x=-2957, y=77, z=-656} but found not block entity block Block{minecraft:air} at location
[15:34:30] [Server thread/WARN]: Tried to load a block entity for block Block{minecraft:air} but failed at location class_2338{x=-2957, y=77, z=-656}
[15:34:38] [Server thread/WARN]: hvossanz moved too quickly! 2119.143508882616,4.5,-907.8642838058245
[15:34:38] [Server thread/WARN]: hvossanz moved too quickly! 2119.143508882616,4.5,-907.8642838058245
[15:34:49] [Server thread/WARN]: Entity PokemonEntity['Corvisquire'/4428834, l='ServerLevel[world]', x=-2864.93, y=88.00, z=-468.76, removed=DISCARDED] wasn't found in section class_4076{x=-180, y=5, z=-30} (destroying due to DISCARDED)
[15:35:09] [Server thread/WARN]: Entity PokemonEntity['Tinkatuff'/4440952, l='ServerLevel[world]', x=-2865.06, y=88.00, z=-468.69, removed=KILLED] wasn't found in section class_4076{x=-180, y=5, z=-30} (destroying due to DISCARDED)
[15:35:42] [Server thread/WARN]: Entity PokemonEntity['Elekid'/4461200, l='ServerLevel[world]', x=-2865.16, y=88.00, z=-468.64, removed=DISCARDED] wasn't found in section class_4076{x=-180, y=5, z=-30} (destroying due to DISCARDED)
[15:35:42] [Server thread/WARN]: Entity PokemonEntity['Luxio'/4478579, l='ServerLevel[world]', x=-1205.75, y=66.70, z=1425.50, removed=DISCARDED] wasn't found in section class_4076{x=-76, y=4, z=89} (destroying due to DISCARDED)
[15:35:58] [Server thread/WARN]: Entity PokemonEntity['Mareanie'/4490867, l='ServerLevel[world]', x=-2864.68, y=88.00, z=-468.77, removed=DISCARDED] wasn't found in section class_4076{x=-180, y=5, z=-30} (destroying due to DISCARDED)
[15:36:24] [Server thread/WARN]: Entity PokemonEntity['Luxio'/4491780, l='ServerLevel[world]', x=-1196.50, y=66.89, z=1425.50, removed=KILLED] wasn't found in section class_4076{x=-75, y=4, z=89} (destroying due to DISCARDED)
[15:36:35] [Server thread/WARN]: Entity PokemonEntity['Fomantis'/4533976, l='ServerLevel[world]', x=-1201.01, y=66.89, z=1424.88, removed=KILLED] wasn't found in section class_4076{x=-76, y=4, z=89} (destroying due to DISCARDED)
[15:36:41] [Server thread/WARN]: Entity PokemonEntity['Prinplup'/4506951, l='ServerLevel[world]', x=-2865.13, y=88.00, z=-468.93, removed=DISCARDED] wasn't found in section class_4076{x=-180, y=5, z=-30} (destroying due to DISCARDED)
[15:37:59] [Server thread/INFO]: hvossanz has made the advancement [advancements.cobbleverse.kanto.defeat_misty]
[15:38:00] [Server thread/WARN]: Entity PokemonEntity['Dolliv'/4542522, l='ServerLevel[world]', x=-1201.01, y=66.89, z=1424.89, removed=DISCARDED] wasn't found in section class_4076{x=-76, y=4, z=89} (destroying due to DISCARDED)
[15:38:28] [Server thread/WARN]: Monki_CTM moved too quickly! 821.0691180513536,13.5,21.137928128410522
[15:38:29] [Server thread/WARN]: hvossanz moved too quickly! -1034.1005793223005,12.5,353.0155437776982
[15:38:29] [Server thread/WARN]: hvossanz moved too quickly! -1034.1005793223005,12.5,353.0155437776982
[15:38:49] [Server thread/WARN]: hvossanz moved too quickly! 67.26487680179889,-5.5,12.921972182723948
[15:38:49] [Server thread/WARN]: hvossanz moved too quickly! 67.26487680179889,-5.5,12.921972182723948
[15:38:49] [Server thread/WARN]: hvossanz moved too quickly! 67.26487680179889,-5.5,12.921972182723948
[15:42:09] [Server thread/WARN]: Entity PokemonEntity['Corvisquire'/4762822, l='ServerLevel[world]', x=-2915.15, y=83.00, z=-654.28, removed=DISCARDED] wasn't found in section class_4076{x=-183, y=5, z=-41} (destroying due to DISCARDED)
[15:42:15] [Server thread/WARN]: Entity PokemonEntity['Prinplup'/4768093, l='ServerLevel[world]', x=-2913.58, y=83.00, z=-648.07, removed=DISCARDED] wasn't found in section class_4076{x=-183, y=5, z=-41} (destroying due to DISCARDED)
[15:42:16] [Server thread/WARN]: Entity PokemonEntity['Mareanie'/4747020, l='ServerLevel[world]', x=-2913.42, y=83.00, z=-649.37, removed=DISCARDED] wasn't found in section class_4076{x=-183, y=5, z=-41} (destroying due to DISCARDED)
[15:45:47] [Server thread/INFO]: Monki_CTM has made the advancement [Suit Up]
[15:47:18] [Server thread/WARN]: Entity PokemonEntity['Corvisquire'/4849029, l='ServerLevel[world]', x=-2912.50, y=80.40, z=-671.50, removed=DISCARDED] wasn't found in section class_4076{x=-183, y=5, z=-42} (destroying due to DISCARDED)
[15:48:17] [Server thread/WARN]: Entity PokemonEntity['Dolliv'/4989333, l='ServerLevel[world]', x=-3439.28, y=71.00, z=690.53, removed=DISCARDED] wasn't found in section class_4076{x=-215, y=4, z=43} (destroying due to DISCARDED)
[15:48:23] [Server thread/WARN]: Entity PokemonEntity['Dolliv'/4992578, l='ServerLevel[world]', x=-3439.69, y=70.00, z=692.72, removed=DISCARDED] wasn't found in section class_4076{x=-215, y=4, z=43} (destroying due to DISCARDED)
[15:48:25] [Server thread/WARN]: Entity PokemonEntity['Dolliv'/4998049, l='ServerLevel[world]', x=-3444.50, y=68.00, z=691.50, removed=DISCARDED] wasn't found in section class_4076{x=-216, y=4, z=43} (destroying due to DISCARDED)
[15:48:46] [Server thread/INFO]: No battle could be found with the id: 4158c38d-6963-4850-b577-71995e355eb0
[15:48:46] [Server thread/INFO]: No battle could be found with the id: 4158c38d-6963-4850-b577-71995e355eb0
[15:48:56] [Server thread/WARN]: Entity PokemonEntity['Dolliv'/4999532, l='ServerLevel[world]', x=-3459.50, y=70.00, z=655.79, removed=DISCARDED] wasn't found in section class_4076{x=-217, y=4, z=40} (destroying due to DISCARDED)
[15:49:10] [Worker-Main-17/WARN]: Empty or non-existent pool: bca:general_decor
[15:49:11] [Worker-Main-17/WARN]: Empty or non-existent pool: bca:rare_structures
[15:49:11] [Worker-Main-17/WARN]: Empty or non-existent pool: bca:centers
[15:49:11] [Worker-Main-17/WARN]: Empty or non-existent pool: bca:rare_structures
[15:49:11] [Worker-Main-17/WARN]: Empty or non-existent pool: bca:rare_structures
[15:49:52] [Server thread/WARN]: Entity PokemonEntity['Tinkatuff'/4945310, l='ServerLevel[world]', x=-3028.17, y=75.00, z=-640.52, removed=DISCARDED] wasn't found in section class_4076{x=-190, y=4, z=-41} (destroying due to DISCARDED)
[15:51:04] [Server thread/WARN]: Tried to load a block entity for block Block{cobblemon:pc}[facing=north,part=top,on=false,waterlogged=false,natural=false] but failed at location class_2338{x=-3589, y=66, z=203}
[15:51:06] [Worker-Main-23/WARN]: Skipping Entity with id cobbleloots:loot_ball
[15:51:06] [Worker-Main-23/WARN]: Skipping Entity with id cobbleloots:loot_ball
[15:51:06] [Worker-Main-23/WARN]: Skipping Entity with id cobbleloots:loot_ball
[15:51:06] [Worker-Main-23/WARN]: Skipping Entity with id cobbleloots:loot_ball
[15:51:06] [Worker-Main-23/WARN]: Skipping Entity with id cobbleloots:loot_ball
[15:51:06] [Worker-Main-23/WARN]: Skipping Entity with id cobbleloots:loot_ball
[15:51:12] [Worker-Main-16/WARN]: Skipping Entity with id cobbleloots:loot_ball
[15:51:12] [Worker-Main-16/WARN]: Skipping Entity with id cobbleloots:loot_ball
[15:51:12] [Worker-Main-16/WARN]: Skipping Entity with id cobbleloots:loot_ball
[15:51:12] [Worker-Main-16/WARN]: Skipping Entity with id cobbleloots:loot_ball
[15:51:12] [Worker-Main-16/WARN]: Skipping Entity with id cobbleloots:loot_ball
[15:51:12] [Worker-Main-16/WARN]: Skipping Entity with id cobbleloots:loot_ball
[15:51:12] [Worker-Main-16/WARN]: Skipping Entity with id cobbleloots:loot_ball
[15:51:13] [Server thread/WARN]: Entity PokemonEntity['Elekid'/5123671, l='ServerLevel[world]', x=-3031.50, y=75.00, z=-652.50, removed=DISCARDED] wasn't found in section class_4076{x=-190, y=4, z=-41} (destroying due to DISCARDED)
[15:52:08] [Server thread/WARN]: Entity PokemonEntity['Corvisquire'/5132549, l='ServerLevel[world]', x=-3031.50, y=76.10, z=-649.01, removed=DISCARDED] wasn't found in section class_4076{x=-190, y=4, z=-41} (destroying due to DISCARDED)
[15:53:01] [Server thread/WARN]: Entity PokemonEntity['Drednaw'/5047297, l='ServerLevel[world]', x=-3590.50, y=65.00, z=209.50, removed=DISCARDED] wasn't found in section class_4076{x=-225, y=4, z=13} (destroying due to DISCARDED)
[15:55:53] [Server thread/WARN]: Entity PokemonEntity['Tinkatuff'/5313408, l='ServerLevel[world]', x=-3212.50, y=110.00, z=-1139.50, removed=DISCARDED] wasn't found in section class_4076{x=-201, y=6, z=-72} (destroying due to DISCARDED)
[15:56:16] [Server thread/WARN]: Entity PokemonEntity['Elekid'/5329819, l='ServerLevel[world]', x=-3213.50, y=111.00, z=-1141.50, removed=DISCARDED] wasn't found in section class_4076{x=-201, y=6, z=-72} (destroying due to DISCARDED)
[15:57:24] [Server thread/WARN]: Entity PokemonEntity['Drednaw'/5346321, l='ServerLevel[world]', x=-3705.95, y=82.00, z=221.07, removed=DISCARDED] wasn't found in section class_4076{x=-232, y=5, z=13} (destroying due to DISCARDED)
[15:57:34] [Server thread/WARN]: Entity PokemonEntity['Prinplup'/5362916, l='ServerLevel[world]', x=-3245.54, y=111.00, z=-1183.90, removed=DISCARDED] wasn't found in section class_4076{x=-203, y=6, z=-74} (destroying due to DISCARDED)
[15:57:49] [Server thread/WARN]: Entity PokemonEntity['Pancham'/5375083, l='ServerLevel[world]', x=-3245.37, y=111.00, z=-1183.80, removed=KILLED] wasn't found in section class_4076{x=-203, y=6, z=-74} (destroying due to DISCARDED)
[15:58:44] [Worker-Main-18/WARN]: Empty or non-existent pool: bca:general_decor
[15:58:44] [Worker-Main-18/WARN]: Empty or non-existent pool: bca:centers
[15:58:45] [Worker-Main-18/WARN]: Empty or non-existent pool: bca:rare_structures
[16:01:37] [Server thread/WARN]: Tried to load a block entity for block Block{cobblemon:pc}[facing=east,part=top,on=false,waterlogged=false,natural=false] but failed at location class_2338{x=-3694, y=65, z=-1291}
[16:01:55] [Server thread/WARN]: Couldn't set damage of loot item 1 minecraft:map
[16:01:58] [Worker-Main-24/ERROR]: Tried to load invalid item: 'No component with type: 'patchouli:book'; No component with type: 'patchouli:book' missed input: {"patchouli:book":"cobblepedia:cobblepedia"}; Unknown registry key in ResourceKey[minecraft:root / minecraft:item]: patchouli:guide_book'
[16:03:43] [Server thread/WARN]: hvossanz moved too quickly! -55.14570463725386,15.5,28.33918902126146
[16:03:43] [Server thread/WARN]: hvossanz moved too quickly! -55.14570463725386,15.5,28.33918902126146
[16:04:14] [Server thread/WARN]: hvossanz moved too quickly! -1226.0,-58.5,-1194.4353971570072
[16:11:14] [Server thread/WARN]: Entity PokemonEntity['Tinkatuff'/5923864, l='ServerLevel[world]', x=-4492.26, y=63.00, z=-2071.06, removed=DISCARDED] wasn't found in section class_4076{x=-281, y=3, z=-130} (destroying due to DISCARDED)
[16:11:44] [Server thread/WARN]: Entity PokemonEntity['Prinplup'/5998553, l='ServerLevel[world]', x=-4492.05, y=63.00, z=-2070.99, removed=DISCARDED] wasn't found in section class_4076{x=-281, y=3, z=-130} (destroying due to DISCARDED)
[16:12:50] [Server thread/WARN]: Entity PokemonEntity['Electabuzz'/6014644, l='ServerLevel[world]', x=-4492.17, y=63.00, z=-2071.25, removed=DISCARDED] wasn't found in section class_4076{x=-281, y=3, z=-130} (destroying due to DISCARDED)
[16:13:15] [Server thread/INFO]: hvossanz has made the advancement [Diamonds!]
[16:14:26] [Server thread/WARN]: Entity PokemonEntity['Drednaw'/5984366, l='ServerLevel[world]', x=-3986.97, y=95.00, z=203.98, removed=DISCARDED] wasn't found in section class_4076{x=-250, y=5, z=12} (destroying due to DISCARDED)
[16:15:59] [Worker-Main-19/WARN]: Empty or non-existent pool: bca:centers
[16:16:29] [Server thread/WARN]: Tried to load a block entity for block Block{cobblemon:pc}[facing=east,part=top,on=false,waterlogged=false,natural=false] but failed at location class_2338{x=-5340, y=104, z=-2329}
[16:16:41] [Server thread/WARN]: Entity PokemonEntity['Drednaw'/6159981, l='ServerLevel[world]', x=-3828.45, y=76.00, z=38.85, removed=DISCARDED] wasn't found in section class_4076{x=-240, y=4, z=2} (destroying due to DISCARDED)
[16:17:01] [Server thread/WARN]: Tried to load a block entity for block Block{cobblemon:pc}[facing=east,part=top,on=false,waterlogged=false,natural=false] but failed at location class_2338{x=-5449, y=-25, z=-2520}
[16:17:09] [Server thread/WARN]: Tried to load a block entity for block Block{cobblefurnies:statue_ancient}[facing=south,half=upper] but failed at location class_2338{x=-5461, y=-25, z=-2507}
[16:17:09] [Server thread/WARN]: Tried to load a block entity for block Block{cobblefurnies:statue_ancient}[facing=south,half=upper] but failed at location class_2338{x=-5457, y=-25, z=-2507}
[16:17:49] [Server thread/INFO]: No battle could be found with the id: fe78b674-b9fd-41e2-9a46-79267994f673
[16:17:49] [Server thread/INFO]: No battle could be found with the id: fe78b674-b9fd-41e2-9a46-79267994f673
[16:20:59] [Server thread/WARN]: Entity PokemonEntity['Tinkatuff'/6309383, l='ServerLevel[world]', x=-5336.69, y=102.00, z=-2344.13, removed=DISCARDED] wasn't found in section class_4076{x=-334, y=6, z=-147} (destroying due to DISCARDED)
[16:21:37] [Server thread/WARN]: Entity PokemonEntity['Electabuzz'/6314482, l='ServerLevel[world]', x=-5336.44, y=102.00, z=-2344.49, removed=DISCARDED] wasn't found in section class_4076{x=-334, y=6, z=-147} (destroying due to DISCARDED)
[16:21:44] [Server thread/WARN]: Entity PokemonEntity['Mareanie'/6349487, l='ServerLevel[world]', x=-5336.22, y=102.00, z=-2344.72, removed=KILLED] wasn't found in section class_4076{x=-334, y=6, z=-147} (destroying due to DISCARDED)
[16:22:43] [Server thread/WARN]: Entity PokemonEntity['Corvisquire'/6363608, l='ServerLevel[world]', x=-5336.48, y=102.00, z=-2344.65, removed=DISCARDED] wasn't found in section class_4076{x=-334, y=6, z=-147} (destroying due to DISCARDED)
[16:23:04] [Server thread/INFO]: Monki_CTM lost connection: Disconnected
[16:23:04] [Server thread/INFO]: Monki_CTM left the game
[16:23:04] [Server thread/INFO]: Unregistered trainer player: Monki_CTM
[16:23:04] [Server thread/INFO]: No battle could be found with the id: 5818a07f-5e04-4e7e-9b84-1be5d71708f4
[16:23:04] [Server thread/INFO]: No battle could be found with the id: 5818a07f-5e04-4e7e-9b84-1be5d71708f4
[16:23:11] [User Authenticator #5/INFO]: UUID of player Monki_CTM is d0a8d64a-ad3d-4124-9491-a721f26ce4e2
[16:23:12] [Server thread/INFO]: Monki_CTM[/26.233.118.239:59011] logged in with entity id 6451124 at (-5333.13425775799, 102.0, -2342.8656847211714)
[16:23:12] [Server thread/INFO]: Sending server config values to client
[16:23:12] [Server thread/INFO]: Monki_CTM joined the game
[16:23:12] [Server thread/INFO]: Registered trainer player: Monki_CTM
[16:23:12] [Server thread/WARN]: Player 'Monki_CTM' is not in a battle
[16:23:12] [Server thread/INFO]: Channel update: Monki_CTM -> default
[16:23:12] [Server thread/INFO]: Receiving client config
[16:23:13] [Server thread/INFO]: [FANCYMENU] A client with FancyMenu installed joined the server: Monki_CTM
[16:24:14] [Server thread/WARN]: Entity PokemonEntity['Pancham'/6497770, l='ServerLevel[world]', x=-5338.80, y=99.00, z=-2336.20, removed=DISCARDED] wasn't found in section class_4076{x=-334, y=6, z=-147} (destroying due to DISCARDED)
[16:24:31] [Server thread/WARN]: Entity PokemonEntity['Prinplup'/6519488, l='ServerLevel[world]', x=-5336.50, y=100.00, z=-2335.50, removed=KILLED] wasn't found in section class_4076{x=-334, y=6, z=-146} (destroying due to DISCARDED)
[16:24:44] [Server thread/WARN]: Entity PokemonEntity['Drednaw'/6528608, l='ServerLevel[world]', x=-3824.84, y=66.00, z=-748.98, removed=DISCARDED] wasn't found in section class_4076{x=-240, y=4, z=-47} (destroying due to DISCARDED)
[16:24:52] [Server thread/WARN]: Entity PokemonEntity['Corvisquire'/6540000, l='ServerLevel[world]', x=-5336.50, y=100.00, z=-2335.50, removed=DISCARDED] wasn't found in section class_4076{x=-334, y=6, z=-146} (destroying due to DISCARDED)
[16:25:34] [Server thread/WARN]: Entity PokemonEntity['Electabuzz'/6554797, l='ServerLevel[world]', x=-5336.35, y=101.75, z=-2335.00, removed=DISCARDED] wasn't found in section class_4076{x=-334, y=6, z=-146} (destroying due to DISCARDED)
[16:25:49] [Server thread/WARN]: Entity PokemonEntity['Drednaw'/6597727, l='ServerLevel[world]', x=-4120.15, y=62.18, z=-886.55, removed=KILLED] wasn't found in section class_4076{x=-258, y=3, z=-56} (destroying due to DISCARDED)
[16:25:59] [Server thread/INFO]: Monki_CTM has made the advancement [Sweet Tooth]
[16:26:12] [Server thread/WARN]: Entity PokemonEntity['Luxio'/6610996, l='ServerLevel[world]', x=-4120.48, y=62.89, z=-888.53, removed=KILLED] wasn't found in section class_4076{x=-258, y=3, z=-56} (destroying due to DISCARDED)
[16:26:35] [Server thread/WARN]: Entity PokemonEntity['Corvisquire'/6636663, l='ServerLevel[world]', x=-4120.54, y=62.86, z=-887.45, removed=KILLED] wasn't found in section class_4076{x=-258, y=3, z=-56} (destroying due to DISCARDED)
[16:26:45] [Server thread/WARN]: Entity PokemonEntity['Fomantis'/6657751, l='ServerLevel[world]', x=-4120.67, y=62.89, z=-887.75, removed=KILLED] wasn't found in section class_4076{x=-258, y=3, z=-56} (destroying due to DISCARDED)
[16:26:48] [Server thread/WARN]: Entity PokemonEntity['Pancham'/6649493, l='ServerLevel[world]', x=-5347.50, y=103.00, z=-2332.50, removed=DISCARDED] wasn't found in section class_4076{x=-335, y=6, z=-146} (destroying due to DISCARDED)
[16:27:19] [Server thread/WARN]: Entity PokemonEntity['Dolliv'/6665543, l='ServerLevel[world]', x=-4120.67, y=62.89, z=-887.76, removed=DISCARDED] wasn't found in section class_4076{x=-258, y=3, z=-56} (destroying due to DISCARDED)
[16:27:24] [Server thread/WARN]: Tried to load a block entity for block Block{cobblefurnies:statue_ancient}[facing=north,half=upper] but failed at location class_2338{x=-4331, y=72, z=-1109}
[16:27:30] [Server thread/WARN]: Entity PokemonEntity['Electabuzz'/6668653, l='ServerLevel[world]', x=-5347.50, y=103.00, z=-2332.50, removed=DISCARDED] wasn't found in section class_4076{x=-335, y=6, z=-146} (destroying due to DISCARDED)
[16:27:47] [Server thread/INFO]: No battle could be found with the id: 620ba187-d4d8-431d-862a-6565541f3839
[16:27:47] [Server thread/INFO]: No battle could be found with the id: 620ba187-d4d8-431d-862a-6565541f3839
[16:27:47] [Server thread/INFO]: Monki_CTM lost connection: Disconnected
[16:27:47] [Server thread/INFO]: Monki_CTM left the game
[16:27:47] [Server thread/INFO]: Unregistered trainer player: Monki_CTM
[16:27:53] [User Authenticator #6/INFO]: UUID of player Monki_CTM is d0a8d64a-ad3d-4124-9491-a721f26ce4e2
[16:27:54] [Server thread/INFO]: Monki_CTM[/26.233.118.239:59136] logged in with entity id 6728869 at (-5346.356273473342, 103.0, -2333.8945362752656)
[16:27:54] [Server thread/INFO]: Sending server config values to client
[16:27:54] [Server thread/INFO]: Monki_CTM joined the game
[16:27:54] [Server thread/INFO]: Registered trainer player: Monki_CTM
[16:27:54] [Server thread/WARN]: Player 'Monki_CTM' is not in a battle
[16:27:54] [Server thread/INFO]: Channel update: Monki_CTM -> default
[16:27:54] [Server thread/INFO]: Receiving client config
[16:27:54] [Server thread/INFO]: [FANCYMENU] A client with FancyMenu installed joined the server: Monki_CTM
[16:28:02] [Server thread/WARN]: Entity PokemonEntity['Pancham'/6732773, l='ServerLevel[world]', x=-5340.33, y=103.00, z=-2333.59, removed=DISCARDED] wasn't found in section class_4076{x=-334, y=6, z=-146} (destroying due to DISCARDED)
[16:28:31] [Server thread/WARN]: Entity PokemonEntity['Electabuzz'/6740975, l='ServerLevel[world]', x=-5356.50, y=103.00, z=-2329.50, removed=DISCARDED] wasn't found in section class_4076{x=-335, y=6, z=-146} (destroying due to DISCARDED)
[16:28:43] [Server thread/WARN]: Entity PokemonEntity['Pancham'/6752863, l='ServerLevel[world]', x=-5355.50, y=102.00, z=-2329.50, removed=KILLED] wasn't found in section class_4076{x=-335, y=6, z=-146} (destroying due to DISCARDED)
[16:28:55] [Server thread/WARN]: Entity PokemonEntity['Mareanie'/6762756, l='ServerLevel[world]', x=-5356.50, y=103.00, z=-2329.50, removed=KILLED] wasn't found in section class_4076{x=-335, y=6, z=-146} (destroying due to DISCARDED)
[16:29:09] [Server thread/WARN]: Entity PokemonEntity['Prinplup'/6773578, l='ServerLevel[world]', x=-5354.89, y=103.00, z=-2330.02, removed=DISCARDED] wasn't found in section class_4076{x=-335, y=6, z=-146} (destroying due to DISCARDED)
[16:29:50] [Server thread/WARN]: Entity PokemonEntity['Mareanie'/6797404, l='ServerLevel[world]', x=-5351.93, y=102.00, z=-2328.90, removed=KILLED] wasn't found in section class_4076{x=-335, y=6, z=-146} (destroying due to DISCARDED)
[16:30:40] [Server thread/WARN]: Entity PokemonEntity['Tinkatuff'/6824419, l='ServerLevel[world]', x=-5350.60, y=102.50, z=-2330.21, removed=DISCARDED] wasn't found in section class_4076{x=-335, y=6, z=-146} (destroying due to DISCARDED)
[16:36:21] [Server thread/WARN]: Tried to load a block entity for block Block{cobblefurnies:statue_ancient}[facing=west,half=upper] but failed at location class_2338{x=-6312, y=68, z=-2976}
[16:36:21] [Server thread/WARN]: Tried to load a block entity for block Block{cobblefurnies:statue_ancient}[facing=west,half=upper] but failed at location class_2338{x=-6312, y=68, z=-2972}
[16:37:55] [Server thread/WARN]: Entity PokemonEntity['Corviknight'/7186537, l='ServerLevel[world]', x=-6502.50, y=64.05, z=-2995.50, removed=DISCARDED] wasn't found in section class_4076{x=-407, y=4, z=-188} (destroying due to DISCARDED)
[16:38:21] [Server thread/WARN]: Tried to load a block entity for block Block{cobblefurnies:statue_ancient}[facing=east,half=upper] but failed at location class_2338{x=-6872, y=68, z=-3108}
[16:38:21] [Server thread/WARN]: Tried to load a block entity for block Block{cobblefurnies:statue_ancient}[facing=east,half=upper] but failed at location class_2338{x=-6872, y=68, z=-3104}
[16:39:10] [Server thread/WARN]: Entity PokemonEntity['Luxio'/7214930, l='ServerLevel[world]', x=-4404.15, y=64.00, z=-739.73, removed=DISCARDED] wasn't found in section class_4076{x=-276, y=4, z=-47} (destroying due to DISCARDED)
[16:39:35] [Server thread/WARN]: Entity PokemonEntity['Luxio'/7286526, l='ServerLevel[world]', x=-4419.02, y=62.89, z=-708.70, removed=KILLED] wasn't found in section class_4076{x=-277, y=3, z=-45} (destroying due to DISCARDED)
[16:40:18] [Server thread/WARN]: Entity PokemonEntity['Torracat'/7320717, l='ServerLevel[world]', x=-4420.12, y=62.89, z=-708.92, removed=KILLED] wasn't found in section class_4076{x=-277, y=3, z=-45} (destroying due to DISCARDED)
[16:41:22] [Server thread/WARN]: Entity PokemonEntity['Dolliv'/7377603, l='ServerLevel[world]', x=-4420.37, y=62.89, z=-709.16, removed=KILLED] wasn't found in section class_4076{x=-277, y=3, z=-45} (destroying due to DISCARDED)
[16:41:57] [Server thread/WARN]: Entity PokemonEntity['Fomantis'/7443469, l='ServerLevel[world]', x=-4420.37, y=62.89, z=-709.19, removed=KILLED] wasn't found in section class_4076{x=-277, y=3, z=-45} (destroying due to DISCARDED)
[16:42:53] [Server thread/WARN]: Entity PokemonEntity['Corvisquire'/7501396, l='ServerLevel[world]', x=-4420.50, y=64.05, z=-709.50, removed=DISCARDED] wasn't found in section class_4076{x=-277, y=4, z=-45} (destroying due to DISCARDED)
[16:43:02] [Server thread/WARN]: Entity PokemonEntity['Corviknight'/7402952, l='ServerLevel[world]', x=-8193.47, y=64.50, z=-3963.12, removed=DISCARDED] wasn't found in section class_4076{x=-513, y=4, z=-248} (destroying due to DISCARDED)
[16:43:34] [Server thread/INFO]: hvossanz has made the advancement [Kurt would be Proud]
[16:44:25] [Server thread/INFO]: hvossanz lost connection: Disconnected
[16:44:25] [Server thread/INFO]: hvossanz left the game
[16:44:25] [Server thread/INFO]: Unregistered trainer player: hvossanz
[16:44:38] [Server thread/WARN]: Entity PokemonEntity['Corviknight'/7584771, l='ServerLevel[world]', x=-8642.08, y=93.00, z=-4342.84, removed=DISCARDED] wasn't found in section class_4076{x=-541, y=5, z=-272} (destroying due to DISCARDED)
[16:44:39] [Server thread/INFO]: Monki_CTM lost connection: Disconnected
[16:44:39] [Server thread/INFO]: Monki_CTM left the game
[16:44:39] [Server thread/INFO]: Unregistered trainer player: Monki_CTM
